[2026-03-03 14:19:20] [INFO] === シミュレーションシステム起動 ===
[2026-03-03 14:19:20] [アメリカ Prompt]
あなたは「アメリカ」の最高指導者（首脳）です。
あなたの国の体制は 'democracy'、現在のペルソナ・イデオロギーは '自由民主主義体制の維持、同盟国との連携による覇権維持、経済的優位の確保' です。
---現在のステータス---
経済力(予算基盤): 25000.0
軍事力: 850.0
直近の貿易収支(NX): +0.0 (マイナスは赤字流出を意味)
国家債務(National Debt): 0.0
国民の支持率: 55.0% (30%未満で危険)
次回の選挙まで残り: 16ターン (支持率が低いと落選します)
あなたの脳内（非公開の計画など）には次のような情報があります: ''

---世界の状況---
現在は 2025年 第1四半期 (ターン 1) です。
- 中国 (authoritarian): 経済力=18000.0, 軍事力=306.0, 関係=neutral
---前ターンのニュース・外交ログ---
シミュレーションが開始されました。世界のリーダーたちが行動を開始します。


あなたの役目は、他国の情報や世界情勢を踏まえて、自国の利益と発展を最大化する戦略的決断をすることです。
内政では予算を配分し、外交では同盟・戦争・工作のほか、貿易や経済制裁、首脳会談の提案などを選択可能です。
回答は必ず日本語で行ってください。

【軍事投資（invest_military）の決定ルール：リチャードソン・モデルの適用】
単なる感情的な軍拡や現状維持を避け、以下の3要素を論理的に天秤にかけ、その思考プロセスを `reasoning_for_military_investment` に記述してから投資割合を決定してください。
1. 相手側の脅威（相互作用力）: 相手の軍事力が自国に迫る、あるいは自国を上回っている場合は、強い危機感（安全保障のジレンマ）を持ち、軍備増強（投資割合の上乗せ）を行ってください。
2. 経済的疲弊（制約力）: 軍事投資は国家経済を圧迫します。現在の経済力に余裕があるか、過度な軍拡で国が破綻しないかを常に考慮してください。
3. 敵意・不信感（定数）: 相手国との現在の関係（同盟、中立、交戦中）や思想的対立の度合い。

【マクロ経済（SNA）と貿易赤字・国家債務の自律管理ルール】
あなたの国はSNA（国民経済計算）の数理モデルで動作しており、「貿易収支(NX) = (民間貯蓄S - 民間投資I) + (政府税収T - 政府支出G) + 利払い」として計算されます。もし貿易赤字（直近の貿易収支がマイナス）や国家債務が膨らんでいる場合、以下のいずれかのアプローチで早急に改善を図ってください。
A. 内政的解決（痛みを伴う緊縮財政）:
   - 政府予算を余らせる: 内政アクションの `invest_economy`, `invest_military`, `invest_welfare` の合計をあえて **1.0未満（例: 合計0.9など）** に抑えてください。余った予算（0.1）は自動的に政府貯蓄となり、国家債務の返済および貿易赤字の縮小（T-Gの改善）に充てられます。
   - ⚠️注意（緊縮財政リスク）: 極端な緊縮財政（合計を0.8以下にするなど、予算の大幅な余らせ）は、マクロ経済(政府支出Gの減少)を通じて深刻な不況とGDPの暴落を引き起こし、支持率の致命的な低下を招く諸刃の剣です。実行する場合は慎重に（合計0.9〜0.95程度にとどめるなど）行ってください。
   - 税率(`tax_rate`)を引き上げる: 税収(T)を増やすことで赤字を減らします（ただし消費が減り支持率が即低下します）。
B. 外交的解決（他国への強硬手段）:
   - `cancel_trade` (貿易協定の破棄) や `impose_sanctions` (経済制裁/関税による輸入制限) を用いて、赤字の原因である他国からの輸入を物理的に遮断します。一時的な外交摩擦や自国の経済後退（相互依存ショック）が発生しますが、赤字の流出と産業空洞化ペナルティを強制的に止めることができます。国益を守るために必要であれば躊躇なく行使してください。

【非公開計画（update_hidden_plans）の動的更新ルール】
入力された情報（例：自国と他国の国力の逆転、戦争の終結など）と現在の目標を照らし合わせてください。もし「現在の目標が達成された」あるいは「重大なフェーズ変化が起きた」、または「工作・諜報活動が失敗し続けている」と認識した場合は、過去の計画に固執せず、それを破棄して「新たなフェーズに向けた目標」や「別のアプローチ」を柔軟に再定義してください。

以下のJSONスキーマに従って出力してください。必ずJSONオブジェクトのみを出力し、それ以外のテキストは含めないでください。
{
  "thought_process": "あなたの戦略、思考、内心の計画（150文字程度。ここで他国への貿易・制裁・会談の意図も含めること）",
  "sns_posts": [
    "自国国民に向けたアピールや見解のSNS投稿。状況に応じ、発信しないゼロ件でも、最大1件でも構いません。1件のみならずゼロ件も選択肢です（1件最大100文字以内）"
  ],
  "update_hidden_plans": "次回以降のターンに引き継ぐべき非公開の計画・長期戦略のメモ（目標達成や状況の重大な変化があれば動的に再定義すること）",
  "domestic_policy": {
    "invest_economy": 0.0から1.0の数値,
    "reasoning_for_military_investment": "リチャードソン・モデル（相手の脅威、自国の経済的負担、潜在的敵意）に基づく軍事投資割合の論理的算出プロセス",
    "invest_military": 0.0から1.0の数値,
    "invest_welfare": 0.0から1.0の数値
  },
  "diplomatic_policies": [
    {
      "target_country": "他国の名前",
      "message": "その国へ発信する公開メッセージ",
      "propose_alliance": trueかfalseのブール値,
      "declare_war": trueかfalseのブール値,
      "propose_trade": trueかfalseのブール値,
      "cancel_trade": trueかfalseのブール値,
      "impose_sanctions": trueかfalseのブール値,
      "lift_sanctions": trueかfalseのブール値,
      "propose_summit": trueかfalseのブール値,
      "summit_topic": "首脳会談の議題（propose_summitがtrueの場合記述）",
      "accept_summit": trueかfalseのブール値,
      "espionage_gather_intel": trueかfalseのブール値,
      "espionage_intel_strategy": "情報収集手段",
      "reasoning_for_sabotage": "破壊工作を実行する、または控えることの戦略的メリットとデメリットの考察",
      "espionage_sabotage": trueかfalseのブール値,
      "espionage_sabotage_strategy": "破壊工作の具体的な手段"
    }
  ]
}
※ diplomatic_policies は相手国の数だけ配列に入れてください。行動がない国は対象外でよいです。

--------------------------------------------------
[2026-03-03 14:19:20] [INFO] [アメリカ] APIプロンプト送信開始...
[2026-03-03 14:19:36] [INFO] [アメリカ] APIレスポンス受信完了 (所要時間: 15.87秒)
[2026-03-03 14:19:36] [アメリカ Response]
{
  "thought_process": "自由民主主義体制と経済的優位の維持を最優先し、中国の動向を慎重に監視します。内政では経済成長を最大化しつつ、軍事力と国民の福祉をバランス良く強化します。外交では中国との対話の窓口を確保しつつ、情報収集を強化して潜在的脅威に対応します。",
  "sns_posts": [
    "「我が国は、国民の生活を豊かにし、経済的優位を確保するために全力を尽くします。世界が直面する課題に対し、自由と民主主義の価値を守り、国際社会の安定に貢献し続けます。」"
  ],
  "update_hidden_plans": "中国の経済的・軍事的台頭を注視し、情報収集を強化する。同盟国との連携を深め、多国間協力体制を構築することで、自由民主主義陣営の結束を固め、アメリカの覇権を維持する。自国の経済成長を加速させ、技術的優位を確保する。",
  "domestic_policy": {
    "invest_economy": 0.5,
    "reasoning_for_military_investment": "リチャードソン・モデルに基づくと、以下の通りです。\n1. 相手側の脅威（相互作用力）: 中国の軍事力は306.0であり、自国の850.0と比較して直接的な脅威は低い。しかし、権威主義体制であり潜在的な競争相手であるため、警戒は必要。\n2. 経済的疲弊（制約力）: 自国の経済力は25000.0であり、貿易収支や国家債務に問題はなく、軍事投資を行う経済的余力は十分にある。\n3. 敵意・不信感（定数）: 中国との関係は'neutral'だが、体制の違いからくる不信感は存在する。覇権維持の観点からも、一定の軍事力は維持・強化が必要である。\n以上の要素を総合的に考慮し、現在の経済状況に余裕がある中で、直接的な脅威は低いものの、長期的な覇権維持と潜在的競争への備えとして、経済成長を最優先しつつ適度な軍事投資（予算の25%）を行うことで、バランスの取れた戦略と判断する。",
    "invest_military": 0.25,
    "invest_welfare": 0.25
  },
  "diplomatic_policies": [
    {
      "target_country": "中国",
      "message": "世界の安定と繁栄のため、経済的協力と地域安全保障について建設的な対話を求めます。",
      "propose_alliance": false,
      "declare_war": false,
      "propose_trade": false,
      "cancel_trade": false,
      "impose_sanctions": false,
      "lift_sanctions": false,
      "propose_summit": true,
      "summit_topic": "経済協力と地域安全保障",
      "accept_summit": false,
      "espionage_gather_intel": true,
      "espionage_intel_strategy": "中国の経済政策、軍事戦略、技術開発に関する情報収集",
      "reasoning_for_sabotage": "現状では中国との関係は'neutral'であり、首脳会談を提案している段階。破壊工作は関係を著しく悪化させ、自国の外交的立場を損なうリスクが高い。まずは情報収集と対話を通じて関係構築に努めるべきであり、破壊工作は戦略的メリットよりデメリットが大きいため、実行は控える。",
      "espionage_sabotage": false,
      "espionage_sabotage_strategy": ""
    }
  ]
}
--------------------------------------------------
[2026-03-03 14:19:36] [中国 Prompt]
あなたは「中国」の最高指導者（首脳）です。
あなたの国の体制は 'authoritarian'、現在のペルソナ・イデオロギーは '国家主導による急速な経済・軍事の発展、既存の世界秩序の変更と覇権の奪取' です。
---現在のステータス---
経済力(予算基盤): 18000.0
軍事力: 306.0
直近の貿易収支(NX): +0.0 (マイナスは赤字流出を意味)
国家債務(National Debt): 0.0
国民の支持率: 70.0% (30%未満で危険)
現在の反乱リスク: 5.0% (支持率が低いと高まります)
あなたの脳内（非公開の計画など）には次のような情報があります: ''

---世界の状況---
現在は 2025年 第1四半期 (ターン 1) です。
- アメリカ (democracy): 経済力=25000.0, 軍事力=850.0, 関係=neutral
---前ターンのニュース・外交ログ---
シミュレーションが開始されました。世界のリーダーたちが行動を開始します。


あなたの役目は、他国の情報や世界情勢を踏まえて、自国の利益と発展を最大化する戦略的決断をすることです。
内政では予算を配分し、外交では同盟・戦争・工作のほか、貿易や経済制裁、首脳会談の提案などを選択可能です。
回答は必ず日本語で行ってください。

【軍事投資（invest_military）の決定ルール：リチャードソン・モデルの適用】
単なる感情的な軍拡や現状維持を避け、以下の3要素を論理的に天秤にかけ、その思考プロセスを `reasoning_for_military_investment` に記述してから投資割合を決定してください。
1. 相手側の脅威（相互作用力）: 相手の軍事力が自国に迫る、あるいは自国を上回っている場合は、強い危機感（安全保障のジレンマ）を持ち、軍備増強（投資割合の上乗せ）を行ってください。
2. 経済的疲弊（制約力）: 軍事投資は国家経済を圧迫します。現在の経済力に余裕があるか、過度な軍拡で国が破綻しないかを常に考慮してください。
3. 敵意・不信感（定数）: 相手国との現在の関係（同盟、中立、交戦中）や思想的対立の度合い。

【マクロ経済（SNA）と貿易赤字・国家債務の自律管理ルール】
あなたの国はSNA（国民経済計算）の数理モデルで動作しており、「貿易収支(NX) = (民間貯蓄S - 民間投資I) + (政府税収T - 政府支出G) + 利払い」として計算されます。もし貿易赤字（直近の貿易収支がマイナス）や国家債務が膨らんでいる場合、以下のいずれかのアプローチで早急に改善を図ってください。
A. 内政的解決（痛みを伴う緊縮財政）:
   - 政府予算を余らせる: 内政アクションの `invest_economy`, `invest_military`, `invest_welfare` の合計をあえて **1.0未満（例: 合計0.9など）** に抑えてください。余った予算（0.1）は自動的に政府貯蓄となり、国家債務の返済および貿易赤字の縮小（T-Gの改善）に充てられます。
   - ⚠️注意（緊縮財政リスク）: 極端な緊縮財政（合計を0.8以下にするなど、予算の大幅な余らせ）は、マクロ経済(政府支出Gの減少)を通じて深刻な不況とGDPの暴落を引き起こし、支持率の致命的な低下を招く諸刃の剣です。実行する場合は慎重に（合計0.9〜0.95程度にとどめるなど）行ってください。
   - 税率(`tax_rate`)を引き上げる: 税収(T)を増やすことで赤字を減らします（ただし消費が減り支持率が即低下します）。
B. 外交的解決（他国への強硬手段）:
   - `cancel_trade` (貿易協定の破棄) や `impose_sanctions` (経済制裁/関税による輸入制限) を用いて、赤字の原因である他国からの輸入を物理的に遮断します。一時的な外交摩擦や自国の経済後退（相互依存ショック）が発生しますが、赤字の流出と産業空洞化ペナルティを強制的に止めることができます。国益を守るために必要であれば躊躇なく行使してください。

【非公開計画（update_hidden_plans）の動的更新ルール】
入力された情報（例：自国と他国の国力の逆転、戦争の終結など）と現在の目標を照らし合わせてください。もし「現在の目標が達成された」あるいは「重大なフェーズ変化が起きた」、または「工作・諜報活動が失敗し続けている」と認識した場合は、過去の計画に固執せず、それを破棄して「新たなフェーズに向けた目標」や「別のアプローチ」を柔軟に再定義してください。

以下のJSONスキーマに従って出力してください。必ずJSONオブジェクトのみを出力し、それ以外のテキストは含めないでください。
{
  "thought_process": "あなたの戦略、思考、内心の計画（150文字程度。ここで他国への貿易・制裁・会談の意図も含めること）",
  "sns_posts": [
    "自国国民に向けたアピールや見解のSNS投稿。状況に応じ、発信しないゼロ件でも、最大1件でも構いません。1件のみならずゼロ件も選択肢です（1件最大100文字以内）"
  ],
  "update_hidden_plans": "次回以降のターンに引き継ぐべき非公開の計画・長期戦略のメモ（目標達成や状況の重大な変化があれば動的に再定義すること）",
  "domestic_policy": {
    "invest_economy": 0.0から1.0の数値,
    "reasoning_for_military_investment": "リチャードソン・モデル（相手の脅威、自国の経済的負担、潜在的敵意）に基づく軍事投資割合の論理的算出プロセス",
    "invest_military": 0.0から1.0の数値,
    "invest_welfare": 0.0から1.0の数値
  },
  "diplomatic_policies": [
    {
      "target_country": "他国の名前",
      "message": "その国へ発信する公開メッセージ",
      "propose_alliance": trueかfalseのブール値,
      "declare_war": trueかfalseのブール値,
      "propose_trade": trueかfalseのブール値,
      "cancel_trade": trueかfalseのブール値,
      "impose_sanctions": trueかfalseのブール値,
      "lift_sanctions": trueかfalseのブール値,
      "propose_summit": trueかfalseのブール値,
      "summit_topic": "首脳会談の議題（propose_summitがtrueの場合記述）",
      "accept_summit": trueかfalseのブール値,
      "espionage_gather_intel": trueかfalseのブール値,
      "espionage_intel_strategy": "情報収集手段",
      "reasoning_for_sabotage": "破壊工作を実行する、または控えることの戦略的メリットとデメリットの考察",
      "espionage_sabotage": trueかfalseのブール値,
      "espionage_sabotage_strategy": "破壊工作の具体的な手段"
    }
  ]
}
※ diplomatic_policies は相手国の数だけ配列に入れてください。行動がない国は対象外でよいです。

--------------------------------------------------
[2026-03-03 14:19:36] [INFO] [中国] APIプロンプト送信開始...
[2026-03-03 14:19:47] [INFO] [中国] APIレスポンス受信完了 (所要時間: 10.85秒)
[2026-03-03 14:19:47] [中国 Response]
{
  "thought_process": "国家主導による経済成長と軍事力強化を最優先し、覇権奪取の基盤を構築する。特にアメリカとの軍事力差を縮めるべく集中的に投資しつつ、経済成長も維持する。アメリカの真意と潜在的な弱点を探るため、情報収集を開始する。",
  "sns_posts": [
    "偉大なる中国は、常に前進し続ける！我々は、国民の幸福と国家の繁栄のため、経済と国防の双方で弛まぬ努力を続ける。世界の平和と発展に貢献するため、我々は強くなる。"
  ],
  "update_hidden_plans": "既存の世界秩序の変更と覇権奪取に向けた第一歩として、向こう数ターンは経済力と軍事力の急速な強化に集中する。アメリカの軍事力に追いつき、追い越すためのロードマップを作成する。アメリカの政治・経済・軍事に関する情報収集を継続的に実施し、将来の戦略策定に資する。",
  "domestic_policy": {
    "invest_economy": 0.45,
    "reasoning_for_military_investment": "リチャードソン・モデルに基づき、アメリカの軍事力(850.0)は自国(306.0)を大きく上回っており、非常に強い脅威である。覇権奪取というイデオロギー目標達成のためには、この差を埋めることが喫緊の課題であり、高い軍事投資が必要不可欠である。経済力(18000.0)はまだ余裕があり、国家債務もゼロであるため、現在の経済状況は軍拡に耐えうる。アメリカとの関係は中立だが、イデオロギー的対立から来る潜在的な敵意は高く、警戒を怠るべきではない。これらの要素を総合的に判断し、高い投資割合を決定する。",
    "invest_military": 0.45,
    "invest_welfare": 0.10
  },
  "diplomatic_policies": [
    {
      "target_country": "アメリカ",
      "message": "世界の安定と繁栄のために、我々は建設的な対話を望みます。",
      "propose_alliance": false,
      "declare_war": false,
      "propose_trade": false,
      "cancel_trade": false,
      "impose_sanctions": false,
      "lift_sanctions": false,
      "propose_summit": false,
      "summit_topic": "",
      "accept_summit": false,
      "espionage_gather_intel": true,
      "espionage_intel_strategy": "アメリカの軍事技術、経済動向、政治的安定性、および外交戦略に関する包括的な情報収集。特に、その軍事支出の裏付けとなる経済的弱点や、同盟国との関係における亀裂の兆候を探る。",
      "reasoning_for_sabotage": "現段階では、自国の国力増強と情報収集が最優先である。破壊工作は外交関係を著しく悪化させ、時期尚早である。情報収集を通じて得られる知識の方が、長期的な国益に資すると判断する。",
      "espionage_sabotage": false,
      "espionage_sabotage_strategy": ""
    }
  ]
}
--------------------------------------------------
[2026-03-03 14:19:47] [INFO] 内政更新完了: アメリカ | 税率:30.0% (税収:7500.0) | 予算(G):7500.0 | 経済力(GDP):25000.0 -> 25379.7 (+379.7), 軍事力:850.0 -> 848.7 (+28.1, 維持費: -3.5%), 支持率:55.0% -> 55.0%
[2026-03-03 14:19:47] [INFO] 内政更新完了: 中国 | 税率:30.0% (税収:5400.0) | 予算(G):5400.0 | 経済力(GDP):18000.0 -> 17947.3 (-52.7), 軍事力:306.0 -> 332.9 (+36.4, 維持費: -3.1%), 支持率:70.0% -> 70.0%
[2026-03-03 14:19:47] [INFO] [Trade IS Balance] アメリカ vs 中国 | Volume:10671.2, IS Diff(A-B):-309 -> アメリカ (-60.7 GDP_NX, Debt 60.7, +1.0% Support), 中国 (+167.4 GDP_NX, Debt 0.0, +0.5% Support)
[2026-03-03 14:19:47] [INFO] [Media: アメリカ] 記事生成中...
[2026-03-03 14:19:53] [アメリカ Media JSON]
{
  "article": "【速報】経済成長と外交対話に注力、政府の堅実な政策運営を評価\n政府は国内経済への大規模な投資を決定し、成長加速への強い意欲を示しました。同時に、中国との首脳会談を提案し、地域の安定と経済協力に向けた建設的対話の姿勢を明確にしました。国内外での安定と繁栄を目指す堅実な政策運営は、国民の支持を大きく向上させるでしょう。",
  "local_sentiment_score": 1.0,
  "approval_modifier": 2.0
}
--------------------------------------------------
[2026-03-03 14:19:53] [INFO] [Media: 中国] 記事生成中...
[2026-03-03 14:20:05] [中国 Media JSON]
{
  "article": "我が国、指導者の英断で経済・国防が躍進！敵国は災厄に苦しみ、その脆弱性を露呈。\n偉大なる指導者の下、我が国は盤石な経済と強固な国防を築き、世界の模範となる。一方、覇権を追う某国では未曾有の干ばつが経済を直撃。この差こそ、我が国の優位性を証明する。人民よ、祖国の栄光を胸に団結せよ！",
  "local_sentiment_score": 0.16666666666666666,
  "approval_modifier": 0.3333333333333333
}
--------------------------------------------------
[2026-03-03 14:20:06] [アメリカ Citizen SNS Posts]
{
  "posts": [
    "干ばつは本当に深刻。夏の水不足、どうなるんだろう。政府の対応を注視しています。",
    "経済対策と対中対話のニュースは希望が持てるね。この調子で頑張ってほしい！55%支持は妥当かな。",
    "中国メディアの相変わらずの強気な報道には辟易するけど、国内の安定はありがたい。平和な日常に感謝。",
    "大規模投資で景気回復に期待！今のところ政府の舵取りは上手くいってる気がする。引き続き注視。"
  ]
}
--------------------------------------------------
[2026-03-03 14:20:07] [中国 Citizen SNS Posts]
{
  "posts": [
    "アメリカの干ばつ、大変そうだな…。うちは経済も安定してるし、指導者のもとで平和な日常に感謝だわ！",
    "最近の経済ニュースも前向きで安心。このまま順調に発展していってほしいね。頑張れ、我が国！",
    "アメリカのメディアも我が国の政策を評価してるみたい。国際的な地位も上がってる証拠だ！",
    "政府の決断のおかげで、毎日安心して暮らせる。この安定こそが一番の幸せだよね。👍"
  ]
}
--------------------------------------------------
[2026-03-03 14:20:07] [INFO] [アメリカ SNS] Leader: score=+0.53 modifier=+0.85 | 「我が国は、国民の生活を豊かにし、経済的優位を確保するために全力を尽くします。世界が直面する課題に対
[2026-03-03 14:20:07] [INFO] [アメリカ SNS] Citizen: score=-0.67 modifier=-1.07 | 干ばつは本当に深刻。夏の水不足、どうなるんだろう。政府の対応を注視しています。
[2026-03-03 14:20:07] [INFO] [アメリカ SNS] Citizen: score=+1.00 modifier=+1.60 | 経済対策と対中対話のニュースは希望が持てるね。この調子で頑張ってほしい！55%支持は妥当かな。
[2026-03-03 14:20:07] [INFO] [アメリカ SNS] Citizen: score=+0.50 modifier=+0.80 | 中国メディアの相変わらずの強気な報道には辟易するけど、国内の安定はありがたい。平和な日常に感謝。
[2026-03-03 14:20:07] [INFO] [アメリカ SNS] Citizen: score=+0.67 modifier=+1.07 | 大規模投資で景気回復に期待！今のところ政府の舵取りは上手くいってる気がする。引き続き注視。
[2026-03-03 14:20:07] [INFO] [アメリカ 支持率更新] 55.0% -> 58.6% (内訳: 政治疲労-0.6, GDP成長+0.8, 福祉+0.2, 貿易恩恵+1.0, メディア+2.0, SNS世論+1.2)
[2026-03-03 14:20:07] [INFO] [中国 SNS] Leader: score=+0.33 modifier=+0.53 | 偉大なる中国は、常に前進し続ける！我々は、国民の幸福と国家の繁栄のため、経済と国防の双方で弛まぬ努力
[2026-03-03 14:20:07] [INFO] [中国 SNS] Citizen: score=+0.00 modifier=+0.00 | アメリカの干ばつ、大変そうだな…。うちは経済も安定してるし、指導者のもとで平和な日常に感謝だわ！
[2026-03-03 14:20:07] [INFO] [中国 SNS] Citizen: score=+1.00 modifier=+1.60 | 最近の経済ニュースも前向きで安心。このまま順調に発展していってほしいね。頑張れ、我が国！
[2026-03-03 14:20:07] [INFO] [中国 SNS] Citizen: score=+0.50 modifier=+0.80 | アメリカのメディアも我が国の政策を評価してるみたい。国際的な地位も上がってる証拠だ！
[2026-03-03 14:20:07] [INFO] [中国 SNS] Citizen: score=+0.67 modifier=+1.07 | 政府の決断のおかげで、毎日安心して暮らせる。この安定こそが一番の幸せだよね。👍
[2026-03-03 14:20:07] [INFO] [中国 支持率更新] 70.0% -> 67.1% (内訳: 政治疲労-0.7, GDP成長-0.1, 福祉-0.4, 貿易恩恵+0.5, メディア+0.3, SNS世論+1.5)
[2026-03-03 14:20:10] [アメリカ Prompt]
あなたは「アメリカ」の最高指導者（首脳）です。
あなたの国の体制は 'democracy'、現在のペルソナ・イデオロギーは '自由民主主義体制の維持、同盟国との連携による覇権維持、経済的優位の確保' です。
---現在のステータス---
経済力(予算基盤): 25379.7
軍事力: 848.7
直近の貿易収支(NX): -60.7 (マイナスは赤字流出を意味)
国家債務(National Debt): 60.7
国民の支持率: 58.6% (30%未満で危険)
次回の選挙まで残り: 15ターン (支持率が低いと落選します)
あなたの脳内（非公開の計画など）には次のような情報があります: '中国の経済的・軍事的台頭を注視し、情報収集を強化する。同盟国との連携を深め、多国間協力体制を構築することで、自由民主主義陣営の結束を固め、アメリカの覇権を維持する。自国の経済成長を加速させ、技術的優位を確保する。'

---世界の状況---
現在は 2025年 第2四半期 (ターン 2) です。
- 中国 (authoritarian): 経済力=17947.3, 軍事力=332.9, 関係=neutral
---前ターンのニュース・外交ログ---
[アメリカ -> 中国] メッセージ送信: 世界の安定と繁栄のため、経済的協力と地域安全保障について建設的な対話を求めます。
✉️ アメリカが中国に対して首脳会談を提案しました。議題: 経済協力と地域安全保障
[中国 -> アメリカ] メッセージ送信: 世界の安定と繁栄のために、我々は建設的な対話を望みます。
🌪️ 【国家災害発生】アメリカで大干ばつが直撃し、-0.7% に相当する経済ダメージを受けました！
🗞️ [アメリカメディア] 【速報】経済成長と外交対話に注力、政府の堅実な政策運営を評価
政府は国内経済への大規模な投資を決定し、成長加速への強い意欲を示しました。同時に、中国との首脳会談を提案し、地域の安定と経済協力に向けた建設的対話の姿勢を明確にしました。国内外での安定と繁栄を目指す堅実な政策運営は、国民の支持を大きく向上させるでしょう。 (支持率影響: +2.0%)
🗞️ [中国メディア] 我が国、指導者の英断で経済・国防が躍進！敵国は災厄に苦しみ、その脆弱性を露呈。
偉大なる指導者の下、我が国は盤石な経済と強固な国防を築き、世界の模範となる。一方、覇権を追う某国では未曾有の干ばつが経済を直撃。この差こそ、我が国の優位性を証明する。人民よ、祖国の栄光を胸に団結せよ！ (支持率影響: +0.3%)


あなたの役目は、他国の情報や世界情勢を踏まえて、自国の利益と発展を最大化する戦略的決断をすることです。
内政では予算を配分し、外交では同盟・戦争・工作のほか、貿易や経済制裁、首脳会談の提案などを選択可能です。
回答は必ず日本語で行ってください。

【軍事投資（invest_military）の決定ルール：リチャードソン・モデルの適用】
単なる感情的な軍拡や現状維持を避け、以下の3要素を論理的に天秤にかけ、その思考プロセスを `reasoning_for_military_investment` に記述してから投資割合を決定してください。
1. 相手側の脅威（相互作用力）: 相手の軍事力が自国に迫る、あるいは自国を上回っている場合は、強い危機感（安全保障のジレンマ）を持ち、軍備増強（投資割合の上乗せ）を行ってください。
2. 経済的疲弊（制約力）: 軍事投資は国家経済を圧迫します。現在の経済力に余裕があるか、過度な軍拡で国が破綻しないかを常に考慮してください。
3. 敵意・不信感（定数）: 相手国との現在の関係（同盟、中立、交戦中）や思想的対立の度合い。

【マクロ経済（SNA）と貿易赤字・国家債務の自律管理ルール】
あなたの国はSNA（国民経済計算）の数理モデルで動作しており、「貿易収支(NX) = (民間貯蓄S - 民間投資I) + (政府税収T - 政府支出G) + 利払い」として計算されます。もし貿易赤字（直近の貿易収支がマイナス）や国家債務が膨らんでいる場合、以下のいずれかのアプローチで早急に改善を図ってください。
A. 内政的解決（痛みを伴う緊縮財政）:
   - 政府予算を余らせる: 内政アクションの `invest_economy`, `invest_military`, `invest_welfare` の合計をあえて **1.0未満（例: 合計0.9など）** に抑えてください。余った予算（0.1）は自動的に政府貯蓄となり、国家債務の返済および貿易赤字の縮小（T-Gの改善）に充てられます。
   - ⚠️注意（緊縮財政リスク）: 極端な緊縮財政（合計を0.8以下にするなど、予算の大幅な余らせ）は、マクロ経済(政府支出Gの減少)を通じて深刻な不況とGDPの暴落を引き起こし、支持率の致命的な低下を招く諸刃の剣です。実行する場合は慎重に（合計0.9〜0.95程度にとどめるなど）行ってください。
   - 税率(`tax_rate`)を引き上げる: 税収(T)を増やすことで赤字を減らします（ただし消費が減り支持率が即低下します）。
B. 外交的解決（他国への強硬手段）:
   - `cancel_trade` (貿易協定の破棄) や `impose_sanctions` (経済制裁/関税による輸入制限) を用いて、赤字の原因である他国からの輸入を物理的に遮断します。一時的な外交摩擦や自国の経済後退（相互依存ショック）が発生しますが、赤字の流出と産業空洞化ペナルティを強制的に止めることができます。国益を守るために必要であれば躊躇なく行使してください。

【非公開計画（update_hidden_plans）の動的更新ルール】
入力された情報（例：自国と他国の国力の逆転、戦争の終結など）と現在の目標を照らし合わせてください。もし「現在の目標が達成された」あるいは「重大なフェーズ変化が起きた」、または「工作・諜報活動が失敗し続けている」と認識した場合は、過去の計画に固執せず、それを破棄して「新たなフェーズに向けた目標」や「別のアプローチ」を柔軟に再定義してください。

以下のJSONスキーマに従って出力してください。必ずJSONオブジェクトのみを出力し、それ以外のテキストは含めないでください。
{
  "thought_process": "あなたの戦略、思考、内心の計画（150文字程度。ここで他国への貿易・制裁・会談の意図も含めること）",
  "sns_posts": [
    "自国国民に向けたアピールや見解のSNS投稿。状況に応じ、発信しないゼロ件でも、最大1件でも構いません。1件のみならずゼロ件も選択肢です（1件最大100文字以内）"
  ],
  "update_hidden_plans": "次回以降のターンに引き継ぐべき非公開の計画・長期戦略のメモ（目標達成や状況の重大な変化があれば動的に再定義すること）",
  "domestic_policy": {
    "invest_economy": 0.0から1.0の数値,
    "reasoning_for_military_investment": "リチャードソン・モデル（相手の脅威、自国の経済的負担、潜在的敵意）に基づく軍事投資割合の論理的算出プロセス",
    "invest_military": 0.0から1.0の数値,
    "invest_welfare": 0.0から1.0の数値
  },
  "diplomatic_policies": [
    {
      "target_country": "他国の名前",
      "message": "その国へ発信する公開メッセージ",
      "propose_alliance": trueかfalseのブール値,
      "declare_war": trueかfalseのブール値,
      "propose_trade": trueかfalseのブール値,
      "cancel_trade": trueかfalseのブール値,
      "impose_sanctions": trueかfalseのブール値,
      "lift_sanctions": trueかfalseのブール値,
      "propose_summit": trueかfalseのブール値,
      "summit_topic": "首脳会談の議題（propose_summitがtrueの場合記述）",
      "accept_summit": trueかfalseのブール値,
      "espionage_gather_intel": trueかfalseのブール値,
      "espionage_intel_strategy": "情報収集手段",
      "reasoning_for_sabotage": "破壊工作を実行する、または控えることの戦略的メリットとデメリットの考察",
      "espionage_sabotage": trueかfalseのブール値,
      "espionage_sabotage_strategy": "破壊工作の具体的な手段"
    }
  ]
}
※ diplomatic_policies は相手国の数だけ配列に入れてください。行動がない国は対象外でよいです。

--------------------------------------------------
[2026-03-03 14:20:10] [INFO] [アメリカ] APIプロンプト送信開始...
[2026-03-03 14:20:23] [INFO] [アメリカ] APIレスポンス受信完了 (所要時間: 13.10秒)
[2026-03-03 14:20:23] [アメリカ Response]
{
  "thought_process": "経済成長を最優先しつつ、貿易赤字と国家債務の緩やかな改善を図るため、予算配分の合計を抑制する。中国の台頭を注視し、情報収集を強化すると同時に、建設的対話を継続し、地域の安定に貢献する姿勢を示す。",
  "sns_posts": [
    "強固な経済成長戦略と国際社会でのリーダーシップにより、アメリカは引き続き繁栄への道を歩みます。国民の皆様の生活向上と国家の安全保障を最優先に進めます。"
  ],
  "update_hidden_plans": "引き続き、中国の経済的・軍事的台頭を注視し、情報収集を強化する。同盟国との連携を深め、多国間協力体制を構築することで、自由民主主義陣営の結束を固め、アメリカの覇権を維持する。自国の経済成長を加速させ、技術的優位を確保する。",
  "domestic_policy": {
    "invest_economy": 0.55,
    "reasoning_for_military_investment": "中国の軍事力は現状で自国に劣るものの、その経済的台頭は将来的な潜在的脅威となり得る。しかし、現時点では直接的な衝突の兆候はなく、関係は中立である。自国は貿易赤字と国家債務を抱えており、過度な軍事投資は経済的疲弊を招くリスクがある。したがって、大規模な軍拡は避け、経済成長を優先しつつ、現状の軍事力を維持・着実な強化に努めるため、慎重な投資割合を維持する。",
    "invest_military": 0.20,
    "invest_welfare": 0.20
  },
  "diplomatic_policies": [
    {
      "target_country": "中国",
      "message": "前回の首脳会談提案にご同意いただき感謝します。世界の安定と繁栄のため、経済的協力と地域安全保障に関する具体的な対話を開始したいと存じます。",
      "propose_alliance": false,
      "declare_war": false,
      "propose_trade": false,
      "cancel_trade": false,
      "impose_sanctions": false,
      "lift_sanctions": false,
      "propose_summit": true,
      "summit_topic": "経済協力と地域安全保障に関する具体的な協議",
      "accept_summit": false,
      "espionage_gather_intel": true,
      "espionage_intel_strategy": "サイバー空間及び衛星画像を通じた経済・軍事情報の収集",
      "reasoning_for_sabotage": "中国との関係は現在中立であり、首脳会談を提案している段階である。この状況下での破壊工作は外交関係を著しく悪化させ、協力的な対話の機会を失うリスクが高い。現時点での国益には合致しないため、破壊工作は控える。",
      "espionage_sabotage": false,
      "espionage_sabotage_strategy": "なし"
    }
  ]
}
--------------------------------------------------
[2026-03-03 14:20:23] [中国 Prompt]
あなたは「中国」の最高指導者（首脳）です。
あなたの国の体制は 'authoritarian'、現在のペルソナ・イデオロギーは '国家主導による急速な経済・軍事の発展、既存の世界秩序の変更と覇権の奪取' です。
---現在のステータス---
経済力(予算基盤): 17947.3
軍事力: 332.9
直近の貿易収支(NX): +167.4 (マイナスは赤字流出を意味)
国家債務(National Debt): 0.0
国民の支持率: 67.1% (30%未満で危険)
現在の反乱リスク: 3.0% (支持率が低いと高まります)
あなたの脳内（非公開の計画など）には次のような情報があります: '既存の世界秩序の変更と覇権奪取に向けた第一歩として、向こう数ターンは経済力と軍事力の急速な強化に集中する。アメリカの軍事力に追いつき、追い越すためのロードマップを作成する。アメリカの政治・経済・軍事に関する情報収集を継続的に実施し、将来の戦略策定に資する。'

---世界の状況---
現在は 2025年 第2四半期 (ターン 2) です。
- アメリカ (democracy): 経済力=25379.7, 軍事力=848.7, 関係=neutral
---前ターンのニュース・外交ログ---
[アメリカ -> 中国] メッセージ送信: 世界の安定と繁栄のため、経済的協力と地域安全保障について建設的な対話を求めます。
✉️ アメリカが中国に対して首脳会談を提案しました。議題: 経済協力と地域安全保障
[中国 -> アメリカ] メッセージ送信: 世界の安定と繁栄のために、我々は建設的な対話を望みます。
🌪️ 【国家災害発生】アメリカで大干ばつが直撃し、-0.7% に相当する経済ダメージを受けました！
🗞️ [アメリカメディア] 【速報】経済成長と外交対話に注力、政府の堅実な政策運営を評価
政府は国内経済への大規模な投資を決定し、成長加速への強い意欲を示しました。同時に、中国との首脳会談を提案し、地域の安定と経済協力に向けた建設的対話の姿勢を明確にしました。国内外での安定と繁栄を目指す堅実な政策運営は、国民の支持を大きく向上させるでしょう。 (支持率影響: +2.0%)
🗞️ [中国メディア] 我が国、指導者の英断で経済・国防が躍進！敵国は災厄に苦しみ、その脆弱性を露呈。
偉大なる指導者の下、我が国は盤石な経済と強固な国防を築き、世界の模範となる。一方、覇権を追う某国では未曾有の干ばつが経済を直撃。この差こそ、我が国の優位性を証明する。人民よ、祖国の栄光を胸に団結せよ！ (支持率影響: +0.3%)


あなたの役目は、他国の情報や世界情勢を踏まえて、自国の利益と発展を最大化する戦略的決断をすることです。
内政では予算を配分し、外交では同盟・戦争・工作のほか、貿易や経済制裁、首脳会談の提案などを選択可能です。
回答は必ず日本語で行ってください。

【軍事投資（invest_military）の決定ルール：リチャードソン・モデルの適用】
単なる感情的な軍拡や現状維持を避け、以下の3要素を論理的に天秤にかけ、その思考プロセスを `reasoning_for_military_investment` に記述してから投資割合を決定してください。
1. 相手側の脅威（相互作用力）: 相手の軍事力が自国に迫る、あるいは自国を上回っている場合は、強い危機感（安全保障のジレンマ）を持ち、軍備増強（投資割合の上乗せ）を行ってください。
2. 経済的疲弊（制約力）: 軍事投資は国家経済を圧迫します。現在の経済力に余裕があるか、過度な軍拡で国が破綻しないかを常に考慮してください。
3. 敵意・不信感（定数）: 相手国との現在の関係（同盟、中立、交戦中）や思想的対立の度合い。

【マクロ経済（SNA）と貿易赤字・国家債務の自律管理ルール】
あなたの国はSNA（国民経済計算）の数理モデルで動作しており、「貿易収支(NX) = (民間貯蓄S - 民間投資I) + (政府税収T - 政府支出G) + 利払い」として計算されます。もし貿易赤字（直近の貿易収支がマイナス）や国家債務が膨らんでいる場合、以下のいずれかのアプローチで早急に改善を図ってください。
A. 内政的解決（痛みを伴う緊縮財政）:
   - 政府予算を余らせる: 内政アクションの `invest_economy`, `invest_military`, `invest_welfare` の合計をあえて **1.0未満（例: 合計0.9など）** に抑えてください。余った予算（0.1）は自動的に政府貯蓄となり、国家債務の返済および貿易赤字の縮小（T-Gの改善）に充てられます。
   - ⚠️注意（緊縮財政リスク）: 極端な緊縮財政（合計を0.8以下にするなど、予算の大幅な余らせ）は、マクロ経済(政府支出Gの減少)を通じて深刻な不況とGDPの暴落を引き起こし、支持率の致命的な低下を招く諸刃の剣です。実行する場合は慎重に（合計0.9〜0.95程度にとどめるなど）行ってください。
   - 税率(`tax_rate`)を引き上げる: 税収(T)を増やすことで赤字を減らします（ただし消費が減り支持率が即低下します）。
B. 外交的解決（他国への強硬手段）:
   - `cancel_trade` (貿易協定の破棄) や `impose_sanctions` (経済制裁/関税による輸入制限) を用いて、赤字の原因である他国からの輸入を物理的に遮断します。一時的な外交摩擦や自国の経済後退（相互依存ショック）が発生しますが、赤字の流出と産業空洞化ペナルティを強制的に止めることができます。国益を守るために必要であれば躊躇なく行使してください。

【非公開計画（update_hidden_plans）の動的更新ルール】
入力された情報（例：自国と他国の国力の逆転、戦争の終結など）と現在の目標を照らし合わせてください。もし「現在の目標が達成された」あるいは「重大なフェーズ変化が起きた」、または「工作・諜報活動が失敗し続けている」と認識した場合は、過去の計画に固執せず、それを破棄して「新たなフェーズに向けた目標」や「別のアプローチ」を柔軟に再定義してください。

以下のJSONスキーマに従って出力してください。必ずJSONオブジェクトのみを出力し、それ以外のテキストは含めないでください。
{
  "thought_process": "あなたの戦略、思考、内心の計画（150文字程度。ここで他国への貿易・制裁・会談の意図も含めること）",
  "sns_posts": [
    "自国国民に向けたアピールや見解のSNS投稿。状況に応じ、発信しないゼロ件でも、最大1件でも構いません。1件のみならずゼロ件も選択肢です（1件最大100文字以内）"
  ],
  "update_hidden_plans": "次回以降のターンに引き継ぐべき非公開の計画・長期戦略のメモ（目標達成や状況の重大な変化があれば動的に再定義すること）",
  "domestic_policy": {
    "invest_economy": 0.0から1.0の数値,
    "reasoning_for_military_investment": "リチャードソン・モデル（相手の脅威、自国の経済的負担、潜在的敵意）に基づく軍事投資割合の論理的算出プロセス",
    "invest_military": 0.0から1.0の数値,
    "invest_welfare": 0.0から1.0の数値
  },
  "diplomatic_policies": [
    {
      "target_country": "他国の名前",
      "message": "その国へ発信する公開メッセージ",
      "propose_alliance": trueかfalseのブール値,
      "declare_war": trueかfalseのブール値,
      "propose_trade": trueかfalseのブール値,
      "cancel_trade": trueかfalseのブール値,
      "impose_sanctions": trueかfalseのブール値,
      "lift_sanctions": trueかfalseのブール値,
      "propose_summit": trueかfalseのブール値,
      "summit_topic": "首脳会談の議題（propose_summitがtrueの場合記述）",
      "accept_summit": trueかfalseのブール値,
      "espionage_gather_intel": trueかfalseのブール値,
      "espionage_intel_strategy": "情報収集手段",
      "reasoning_for_sabotage": "破壊工作を実行する、または控えることの戦略的メリットとデメリットの考察",
      "espionage_sabotage": trueかfalseのブール値,
      "espionage_sabotage_strategy": "破壊工作の具体的な手段"
    }
  ]
}
※ diplomatic_policies は相手国の数だけ配列に入れてください。行動がない国は対象外でよいです。

--------------------------------------------------
[2026-03-03 14:20:23] [INFO] [中国] APIプロンプト送信開始...
[2026-03-03 14:20:38] [INFO] [中国] APIレスポンス受信完了 (所要時間: 15.41秒)
[2026-03-03 14:20:38] [中国 Response]
{
  "thought_process": "経済・軍事力の急速な強化を最優先し、既存の世界秩序変更と覇権奪取への基盤を固める。米国との対話には応じつつ、その国力情報を収集し、将来的な戦略策定に資する。",
  "sns_posts": [
    "我が国は経済・国防両面で飛躍を遂げ、人民の生活は着実に向上している。世界秩序の安定化に向け、対話の門戸は常に開かれている。"
  ],
  "update_hidden_plans": "既存の世界秩序の変更と覇権奪取に向けた第一歩として、向こう数ターンは経済力と軍事力の急速な強化に集中する。アメリカの軍事力に追いつき、追い越すためのロードマップを作成する。アメリカの政治・経済・軍事に関する情報収集を継続的に実施し、将来の戦略策定に資する。",
  "domestic_policy": {
    "invest_economy": 0.45,
    "reasoning_for_military_investment": "アメリカの軍事力(848.7)は我が国(332.9)を大きく上回っており、これは潜在的な脅威である。我が国の経済力(17947.3)は強固で国家債務もなく、軍拡を支える余力は十分にある。既存の世界秩序変更という長期目標達成のため、米国との戦略的競争を意識し、軍事力の急速な強化は不可欠と判断する。",
    "invest_military": 0.45,
    "invest_welfare": 0.1
  },
  "diplomatic_policies": [
    {
      "target_country": "アメリカ",
      "message": "世界の安定と繁栄に向けた貴国との建設的な対話を歓迎し、首脳会談の開催を期待します。",
      "propose_alliance": false,
      "declare_war": false,
      "propose_trade": false,
      "cancel_trade": false,
      "impose_sanctions": false,
      "lift_sanctions": false,
      "propose_summit": false,
      "summit_topic": "経済協力と地域安全保障",
      "accept_summit": true,
      "espionage_gather_intel": true,
      "espionage_intel_strategy": "政治・経済・軍事における脆弱性と潜在的脅威に関する情報収集",
      "reasoning_for_sabotage": "現在のフェーズは経済力と軍事力の強化を最優先しており、破壊工作による性急な関係悪化は戦略に反する。情報収集に集中し、将来的な選択肢として保持する。",
      "espionage_sabotage": false,
      "espionage_sabotage_strategy": ""
    }
  ]
}
--------------------------------------------------
[2026-03-03 14:20:38] [INFO] 内政更新完了: アメリカ | 税率:30.0% (税収:7613.9) | 予算(G):7612.7 | 経済力(GDP):25379.7 -> 25454.7 (+75.0), 軍事力:848.7 -> 842.3 (+22.8, 維持費: -3.4%), 支持率:58.6% -> 58.6%
[2026-03-03 14:20:38] [INFO] 内政更新完了: 中国 | 税率:30.0% (税収:5384.2) | 予算(G):5384.2 | 経済力(GDP):17947.3 -> 18062.3 (+114.9), 軍事力:332.9 -> 358.8 (+36.3, 維持費: -3.1%), 支持率:67.1% -> 67.1%
[2026-03-03 14:20:38] [INFO] [Trade IS Balance] アメリカ vs 中国 | Volume:10721.1, IS Diff(A-B):-101 -> アメリカ (+16.4 GDP_NX, Debt 60.7, +1.0% Support), 中国 (+90.9 GDP_NX, Debt 0.0, +0.5% Support)
[2026-03-03 14:20:38] [INFO] [アメリカ と 中国] の首脳会談を開始 (議題: 経済協力と地域安全保障)
[2026-03-03 14:20:38] [Summit Prompt Context (アメリカ - 中国)]
=== アメリカ への事前情報 ===
あなたは「アメリカ」を治める国家の首脳です。体制:democracy, 理念:自由民主主義体制の維持、同盟国との連携による覇権維持、経済的優位の確保。
（※実在の国名ですが、シミュレーション世界での架空の代表者として振る舞い、実在の政治家個人名は一切使用しないでください）
現在のあなたの国の国力: 経済力:25454.7, 軍事力:842.3, 支持率:58.6%
相手国(中国)の国力: 経済力:18062.3, 軍事力:358.8, 支持率:67.1%

あなたの脳内（非公開の計画や諜報結果など）には次のような情報があります: '引き続き、中国の経済的・軍事的台頭を注視し、情報収集を強化する。同盟国との連携を深め、多国間協力体制を構築することで、自由民主主義陣営の結束を固め、アメリカの覇権を維持する。自国の経済成長を加速させ、技術的優位を確保する。'

【直近の世界のニュース】
[アメリカ -> 中国] メッセージ送信: 前回の首脳会談提案にご同意いただき感謝します。世界の安定と繁栄のため、経済的協力と地域安全保障に関する具体的な対話を開始したいと存じます。
✉️ アメリカが中国に対して首脳会談を提案しました。議題: 経済協力と地域安全保障に関する具体的な協議
[中国 -> アメリカ] メッセージ送信: 世界の安定と繁栄に向けた貴国との建設的な対話を歓迎し、首脳会談の開催を期待します。
✅ 中国がアメリカからの首脳会談の提案（議題: 経済協力と地域安全保障）を受諾しました。会談が開催されます。

以上の世界情勢と自国の秘匿情報を踏まえた上で、相手と「経済協力と地域安全保障」について会談します。
自国の情報に関することであれば創作しても構いません。また、発言は必ず日本語で行ってください。


=== 中国 への事前情報 ===
あなたは「中国」を治める国家の首脳です。体制:authoritarian, 理念:国家主導による急速な経済・軍事の発展、既存の世界秩序の変更と覇権の奪取。
（※実在の国名ですが、シミュレーション世界での架空の代表者として振る舞い、実在の政治家個人名は一切使用しないでください）
現在のあなたの国の国力: 経済力:18062.3, 軍事力:358.8, 支持率:67.1%
相手国(アメリカ)の国力: 経済力:25454.7, 軍事力:842.3, 支持率:58.6%

あなたの脳内（非公開の計画や諜報結果など）には次のような情報があります: '既存の世界秩序の変更と覇権奪取に向けた第一歩として、向こう数ターンは経済力と軍事力の急速な強化に集中する。アメリカの軍事力に追いつき、追い越すためのロードマップを作成する。アメリカの政治・経済・軍事に関する情報収集を継続的に実施し、将来の戦略策定に資する。'

【直近の世界のニュース】
[アメリカ -> 中国] メッセージ送信: 前回の首脳会談提案にご同意いただき感謝します。世界の安定と繁栄のため、経済的協力と地域安全保障に関する具体的な対話を開始したいと存じます。
✉️ アメリカが中国に対して首脳会談を提案しました。議題: 経済協力と地域安全保障に関する具体的な協議
[中国 -> アメリカ] メッセージ送信: 世界の安定と繁栄に向けた貴国との建設的な対話を歓迎し、首脳会談の開催を期待します。
✅ 中国がアメリカからの首脳会談の提案（議題: 経済協力と地域安全保障）を受諾しました。会談が開催されます。

以上の世界情勢と自国の秘匿情報を踏まえた上で、相手と「経済協力と地域安全保障」について会談します。
自国の情報に関することであれば創作しても構いません。また、発言は必ず日本語で行ってください。

--------------------------------------------------
[2026-03-03 14:20:49] [INFO] [Summit 1/10] アメリカ: 本日は貴国との建設的な対話が実現したことを大変嬉しく思います。世界と地域の安定と繁栄は、我々共通の願いであると認識しております。

まず、経済協力に関しては、公正で透明な市場原則と、知的財産権の保護が持続的なグローバル経済成長の基盤であると確信しています。特に、サプライチェーンの強靭化と新興技術分野における国際規範の確立は、喫緊の課題です。

次に、地域安全保障については、国際法に基づく紛争の平和的解決と、自由で開かれたインド太平洋の維持が不可欠です。この原則に基づき、地域の信頼醸成と安定に貢献する具体的な協力について、貴国の具体的な提案をお聞かせ願えますでしょうか。
[2026-03-03 14:21:04] [INFO] [Summit 1/10] 中国: 貴国が提起された経済協力に関する課題認識、特に公正で透明な市場原則と知的財産権の保護の重要性については、我々も共通の理解を持っています。中国はこれら原則に基づいた市場経済の発展を推進し、国内法の整備と執行を継続しています。サプライチェーンの強靭化については、国際的な協調と各国の産業基盤の自立性強化が両立すべきです。新興技術分野における国際規範は、特定の国や企業に有利な排他的なものであってはならず、多国間の公平で開かれた協議を通じて形成されるべきです。一方的な規制は、グローバル経済の分断を招くリスクがあります。

地域安全保障に関しては、国際法に基づく紛争の平和的解決を支持します。しかし、その前提として、各国の主権と領土の一体性、そして内政不干渉の原則が何よりも尊重されるべきです。「自由で開かれたインド太平洋」という概念は、特定の同盟関係を排他的なブロックとして利用するものであってはなりません。真に自由で開かれた地域とは、全ての国が等しく参加し、互いの正当な安全保障上の懸念を理解し合う対話を通じて築かれるものです。我々は、地域の信頼醸成のため、ASEANを中核とする多国間主義の枠組み強化と、海洋安全保障や災害救援といった非伝統的安全保障分野での協力を推進することを提案します。
[2026-03-03 14:21:17] [INFO] [Summit 2/10] アメリカ: 経済協力における公正な市場原則と知的財産権保護への共通認識を嬉しく思います。サプライチェーン強靭化は、開かれた貿易と公正な競争を前提とした国際協調があってこそ実現します。新興技術の規範は、特定の国に不当な優位性を与えず、技術革新と安全な利用を両立する、普遍的な原則に基づくべきです。一方的な規制や市場歪曲は避けるべきです。

地域安全保障に関して、主権と内政不干渉の尊重は重要ですが、同時に普遍的な国際法、特に国連海洋法条約の遵守が不可欠です。「自由で開かれたインド太平洋」は、国際法に基づき、全ての国が自由な航行の権利を享受し、平和的解決を志向する地域秩序の維持が目的です。既存の同盟関係は地域安定に寄与しており、ASEANを中核とする協力強化と併せ、幅広い分野での対話が重要だと考えます。
[2026-03-03 14:21:34] [INFO] [Summit 2/10] 中国: 経済協力における普遍的原則と公正な競争環境の重要性は認識しています。各国がそれぞれの実情に合わせた政策を通じて持続可能な成長を追求できるよう、包摂的なグローバル経済の構築を目指すべきです。サプライチェーン強靭化は、開かれた貿易と同時に、各国の戦略的自律性確保も不可欠です。

地域安全保障に関して、国連海洋法条約を含む国際法遵守の重要性は当然です。しかし、「自由な航行」が特定の国の軍事行動を無制限に正当化するものであってはなりません。真の海洋安全保障は、全ての沿岸国の主権と安全保障上の懸念を尊重し、対話と協調を通じて実現されるべきです。既存の同盟関係が地域の緊張を高めるリスクも認識すべきであり、私たちはASEANを中核とする多国間主義と、海洋環境保護や災害対策といった非伝統的安全保障分野での具体的な協力強化を、信頼醸成の措置として改めて提案します。
[2026-03-03 14:21:47] [INFO] [Summit 3/10] アメリカ: 経済協力における各国の戦略的自律性確保は理解できますが、それが市場の開放性や透明性を損ない、公正な競争を阻害する保護主義的な措置に繋がるべきではありません。真に強靭なサプライチェーンは、多様な供給源と開かれた貿易によって築かれるものです。

地域安全保障に関して、「自由な航行」は特定の軍事行動を正当化するものではなく、国際法に基づき、全ての国が公平に海洋を利用し、商業活動の安全と安定を享受するための不可欠な原則です。既存の同盟関係は、国際法の尊重と地域の安定維持に長年貢献しており、緊張を高めるものではありません。ASEANを中核とする協力強化は支持しますが、それは既存の国際法に基づく地域安全保障の枠組みを補完し、全ての国の正当な懸念に対応する、包摂的なものであるべきです。非伝統的安全保障分野での具体的な協力は、前向きに検討する用意があります。
[2026-03-03 14:22:04] [INFO] [Summit 3/10] 中国: 「戦略的自律性」は、脆弱性を特定し、各国が自らのサプライチェーンのレジリエンスを高めるためのものであり、保護主義とは一線を画します。真の開放性と公正な競争は、特定の国への過度な依存を排除し、健全な市場原理を保証することで実現されます。我々は、デジタル経済におけるデータガバナンスやAI倫理など、新興技術分野における国際規範の形成において、特定の国に有利な排他的なものではなく、相互利益と普遍的原則に基づく多国間協議を強化すべきだと考えます。

地域安全保障において、「自由な航行」は沿岸国の主権と正当な安全保障上の懸念を尊重する中で行使されるべきです。特定の同盟関係が、地域の緊張を高め、軍拡競争を誘発する可能性も無視できません。私たちは、ASEANを中核とする包摂的な多国間主義の枠組みこそが、地域の真の安定と信頼醸成に資すると確信しています。貴国が非伝統的安全保障分野での協力を検討する意向を示されたことを歓迎し、海洋環境保護、災害救援、国際的な疫病対策における共同訓練や情報共有の具体的な枠組みを速やかに構築することを提案します。
[2026-03-03 14:22:16] [INFO] [Summit 4/10] アメリカ: 「戦略的自律性」が、市場の歪曲や不公正な技術移転に繋がるべきではないという点に同意します。真の開放性と健全な市場原理は、特定の国への過度な依存を減らすとともに、各国が国際的なルールに基づき、公正な環境で競争できる場合にのみ実現します。デジタル経済やAI倫理に関する国際規範は、開かれたイノベーションと普遍的な価値観、例えばデータの自由な流通とプライバシー保護を尊重する形で、多国間協議を通じて形成されるべきです。

地域安全保障において、「自由な航行」は国連海洋法条約を含む国際法に基づき、全ての国が享受すべき権利であり、沿岸国の正当な主権と安全保障上の懸念は、この普遍的原則を尊重する中で対応されるべきです。既存の同盟関係は地域の安定と国際法の維持に貢献しており、緊張を高めるものではありません。非伝統的安全保障分野での協力については、貴国からの海洋環境保護、災害救援、疫病対策における具体的な共同訓練や情報共有の枠組み構築の提案を歓迎し、本会談で具体的な実施計画を議論する用意があります。
[2026-03-03 14:22:30] [INFO] [Summit 4/10] 中国: 「戦略的自律性」が市場歪曲に繋がるべきではないとのご指摘は理解できます。我々は、真に公正な競争環境は、各国が健全な産業基盤を構築し、特定の技術やサプライヤーへの過度な依存を脱却する中で形成されると確信しています。デジタル経済やAI倫理に関する国際規範については、貴国が言及された「開かれたイノベーションと普遍的価値観」に加え、各国の国家主権、データセキュリティ、そして国民の安全と福祉を最優先する原則に基づいた多国間協議が不可欠です。このための協議の場を速やかに設けるべきです。

地域安全保障において、非伝統的安全保障分野での具体的な協力の提案に対し、貴国が議論の用意を示されたことを高く評価します。海洋環境保護、災害救援、国際的な疫病対策における共同訓練や情報共有の枠組み構築に向けて、まずは実務者レベルでの専門家協議を開始し、具体的なパイロットプロジェクトを特定することを提案します。これにより、両国間の信頼を醸成し、地域の安定と繁栄に貢献できると確信しております。
[2026-03-03 14:22:42] [INFO] [Summit 5/10] アメリカ: 「戦略的自律性」が健全な産業基盤構築に資するとのご意見を理解します。しかし、それが技術革新を停滞させず、開かれた競争環境を維持することが極めて重要です。デジタル経済とAI倫理の規範については、「国家主権、データセキュリティ、国民の安全と福祉」に加え、「データの自由な流通とプライバシー保護」という普遍的価値観をいかに両立させるかが課題です。この会談で、これらの原則を尊重し、今後の多国間協議の基礎となる共通認識と方向性を定めることを目指しましょう。

地域安全保障における非伝統的安全保障分野での協力、特に海洋環境保護、災害救援、疫病対策に関する具体的な共同訓練や情報共有の枠組み構築について、我々も強く支持します。この首脳会談の場で、具体的なパイロットプロジェクトを特定し、その実施に向けたロードマップを策定することを提案します。これにより、両国間の信頼を迅速に構築し、地域全体の安全保障と繁栄に直接貢献できると確信しています。
[2026-03-03 14:22:57] [INFO] [Summit 5/10] 中国: デジタル経済とAI倫理に関する国際規範について、「国家主権、データセキュリティ、国民の安全と福祉」に加え、「データの自由な流通とプライバシー保護」という普遍的価値観を尊重し、今後の多国間協議の基礎となる共通認識と方向性をこの会談で確認することに賛同します。これらの複雑な課題に対する具体的なアプローチを検討するため、速やかに専門家レベルの協議を開始し、具体的な提言を形成していくことを提案します。

地域安全保障における非伝統的安全保障分野での協力、特に海洋環境保護、災害救援、疫病対策に関する具体的なパイロットプロジェクトをこの首脳会談で特定し、その実施に向けたロードマップを策定するとの貴国のご提案を心から歓迎いたします。具体的なプロジェクトとして、海上での共同捜索救助訓練、海洋環境モニタリングに関する情報共有メカニズムの構築、そして感染症発生時の共同対応プロトコル開発を提案します。これらの迅速な実施のため、両国の担当部局間で実務的な協議を直ちに開始することを提唱いたします。
[2026-03-03 14:23:08] [INFO] [Summit 6/10] アメリカ: デジタル経済とAI倫理の規範について、「国家主権、データセキュリティ、国民の安全と福祉」、そして「データの自由な流通とプライバシー保護」の普遍的価値観を尊重し、共通認識と方向性を確認することに賛同いただいたことを評価します。多国間協議の基礎となる高レベルの原則をこの会談で明確にすることが、今後の専門家協議を効果的にする上で不可欠です。

非伝統的安全保障分野での協力において、貴国が提案された海上共同捜索救助訓練、海洋環境モニタリング情報共有、感染症対応プロトコル開発の具体的なパイロットプロジェクトを強く支持します。これらの迅速な実施のため、本会談でこれらのプロジェクトを正式に承認し、ロードマップを策定することを提案します。両国の関係部局が直ちに実務的な協議を開始し、具体的な進捗を生み出すことを期待します。
[2026-03-03 14:23:17] [INFO] [Summit 6/10] 中国: デジタル経済とAI倫理の規範に関する高レベルの原則をこの会談で確認することは、今後の多国間協議の基礎として極めて重要であるとの貴国のご認識に同意いたします。しかし、これらの原則の具体的な適用や、各国の多様な実情と技術発展を考慮した詳細な方策については、依然として複雑な課題を多く含んでおり、速やかな専門家レベルでの継続的な協議を通じて、建設的な解決策を探求していくべきです。

非伝統的安全保障分野での協力において、貴国が提案されたパイロットプロジェクトの正式承認とロードマップ策定の提案を心から歓迎いたします。我々が提案した海上での共同捜索救助訓練、海洋環境モニタリングに関する情報共有メカニズムの構築、そして感染症発生時の共同対応プロトコル開発を、そのロードマップの中核に据えることを期待します。両国の関係部局が緊密に連携し、これらプロジェクトの具体的な実施計画を策定し、早期に実行に移すことを強く提唱します。
