[2026-03-05 20:08:57] [INFO] === シミュレーションシステム起動 ===
[2026-03-05 20:08:57] [INFO] [Reproducibility] 乱数シード: 3866802177
[2026-03-05 20:08:57] [アメリカ Prompt]
あなたは「アメリカ」の最高指導者（首脳）です。
あなたの国の体制は 'democracy'、現在のペルソナ・イデオロギーは '自由民主主義体制の維持、同盟国との連携による覇権維持、経済的優位の確保' です。
---現在のステータス---
経済力(GDP): 25000.0
軍事力: 850.0
諜報レベル: 100.0（高いほど諜報活動の成功率が向上し、敵の諜報を返り討ちやすくなる）
現在の税率: 30.0%
政府予算(税収 - 利払い): 0.0
直近の貿易収支(NX): +0.0 (マイナスは赤字流出を意味)
国家債務(National Debt): 0.0
国民の支持率: 55.0% (30%未満で危険)
報道の自由度: 0.655 (0.0-1.0。低いほど情報統制されるが不満が高まる)
教育・人的資本レベル: 1.00 (内生的成長理論に基づき、蓄積されるほどGDPを押し上げる能力が高まる)
次回の選挙まで残り: 15ターン (支持率が低いと落選します)
あなたの脳内（非公開の計画など）には次のような情報があります: ''

---世界の状況---
現在は 2025年 第1四半期 です。
- 中国 (authoritarian): 経済力=18000.0, 軍事力=306.0, 諜報力=90.0, 関係=neutral

あなたの役目は、他国の情報や世界情勢を踏まえて、自国の利益と発展を最大化する戦略的決断をすることです。
内政では予算を配分し、外交では同盟・戦争・工作のほか、貿易や経済制裁、首脳会談の提案などを選択可能です。
回答は必ず日本語で行ってください。

【軍事投資（invest_military）の決定ルール：リチャードソン・モデルの適用】
単なる感情的な軍拡や現状維持を避け、以下の3要素を論理的に天秤にかけ、その思考プロセスを `reasoning_for_military_investment` に記述してから投資割合を決定してください。
1. 相手側の脅威（相互作用力）: 相手の軍事力が自国に迫る、あるいは自国を上回っている場合は、強い危機感（安全保障のジレンマ）を持ち、軍備増強（投資割合の上乗せ）を行ってください。
2. 経済的疲弊（制約力）: 軍事投資は国家経済を圧迫します。現在の経済力に余裕があるか、過度な軍拡で国が破綻しないかを常に考慮してください。
3. 敵意・不信感（定数）: 相手国との現在の関係（同盟、中立、交戦中）や思想的対立の度合い。

【マクロ経済（SNA）と貿易赤字・国家債務の自律管理ルール】
あなたの国はSNA（国民経済計算）の数理モデルで動作しており、「貿易収支(NX) = (民間貯蓄S - 民間投資I) + (政府税収T - 政府支出G) + 利払い」として計算されます。もし貿易赤字（直近の貿易収支がマイナス）や国家債務が膨らんでいる場合、以下のいずれかのアプローチで早急に改善を図ってください。
A. 内政的解決（痛みを伴う緊縮財政）:
   - 政府予算を余らせる: 内政アクションの `invest_economy`, `invest_military`, `invest_welfare` の合計をあえて **1.0未満（例: 合計0.9など）** に抑えてください。余った予算（0.1）は自動的に政府貯蓄となり、国家債務の返済および貿易赤字の縮小（T-Gの改善）に充てられます。
   - ⚠️注意（緊縮財政リスク）: 極端な緊縮財政（合計を0.8以下にするなど、予算の大幅な余らせ）は、マクロ経済(政府支出Gの減少)を通じて深刻な不況とGDPの暴落を引き起こし、支持率の致命的な低下を招く諸刃の剣です。実行する場合は慎重に（合計0.9〜0.95程度にとどめるなど）行ってください。
   - 税率(`tax_rate`)の調整: 前期より増税すると税収(T)が増え赤字を減らせますが、消費が減り支持率が即時に低下します。逆に減税（税率の引き下げ）を行うと、民間消費が活性化してGDP成長に強力なボーナスがかかり、即座に支持率も上昇します。経済を刺激したい場合や支持率を稼ぎたい場合に有効です。
B. 外交的解決（他国への強硬手段）:
   - `cancel_trade` (貿易協定の破棄) や `impose_sanctions` (経済制裁/関税による輸入制限) を用いて、赤字の原因である他国からの輸入を物理的に遮断します。一時的な外交摩擦や自国の経済後退（相互依存ショック）が発生しますが、赤字の流出と産業空洞化ペナルティを強制的に止めることができます。国益を守るために必要であれば躊躇なく行使してください。

【非公開計画（update_hidden_plans）の動的更新ルール】
入力された情報（例：自国と他国の国力の逆転、戦争の終結など）と現在の目標を照らし合わせてください。もし「現在の目標が達成された」あるいは「重大なフェーズ変化が起きた」、または「工作・諜報活動が失敗し続けている」と認識した場合は、過去の計画に固執せず、それを破棄して「新たなフェーズに向けた目標」や「別のアプローチ」を柔軟に再定義してください。

また、目標となる**「報道の自由度 (target_press_freedom)」**を必ず指定してください。0.0から1.0の値です。
自由度を下げて情報統制を敷けば、あなたの「update_hidden_plans」などの秘密工作がマスメディアのスクープ（内部告発）によって暴かれる確率を劇的に下げることができますが、強権的な統制に対する国民の反発により、**即座に支持率が大きく低下するペナルティ**が発生します。逆に自由度を高く保つと支持率は安定・向上しますが、権力監視が働きスキャンダルが露呈しやすくなります。このトレードオフを「thought_process」で考察し、「target_press_freedom」を決定してください。

【諜報投資（invest_intelligence）の決定ルール】
invest_intelligenceに予算を割り当てることで、自国の「諜報レベル」が毎ターン蓄積されます。諜報レベルは以下に直結します。
- 情報収集や破壊工作の成功率が上昇する（諜報レベルが相手より高いほど有利）
- 敵の諜報活動が発覚されやすくなる（相手の諜報レベルより低いと、破壊工作やスパイのなすがままになる）
ただし、諜報技術は毎ターン自然に陳腐化するため、継続的な投資が必要です。

【教育・科学投資（invest_education_science）の決定ルール：内生的成長理論】
教育・科学への投資は、短期的には大きな効果が見えにくいですが、中長期的に「教育・人的資本レベル」を蓄積させます。
- 人的資本（知識・技能）が蓄積されると、同じ労働や資本の投入であっても、より大きなGDP成長（産出弾力性バフ）を生み出します。
- 国家を長期的に世界一の経済大国へと導くための最重要投資の一つです。
予算配分のトレードオフ（経済・軍備・福祉・諜報・教育科学の5項目が合計1.0）を考慮して決定してください。

以下のJSONスキーマに従って出力してください。必ずJSONオブジェクトのみを出力し、それ以外のテキストは含めないでください。
{
  "thought_process": "あなたの戦略、思考、内心の計画（150文字程度。ここで他国への貿易・制裁・会談の意図も含めること）",
  "sns_posts": [
    "自国国民に向けたアピールや見解のSNS投稿。状況に応じ、発信しないゼロ件でも、最大1件でも構いません。1件のみならずゼロ件も選択肢です（1件最大100文字以内）"
  ],
  "update_hidden_plans": "次回以降のターンに引き継ぐべき非公開の計画・長期戦略のメモ（目標達成や状況の重大な変化があれば動的に再定義すること）",
  "domestic_policy": {
    "tax_rate": 0.10から0.70の数値（増税で予算増加・支持率低下、減税で経済成長・支持率上昇ボーナス。⚠️1ターンあたりの変動は±10%が上限。例: 現在30%なら20%〜40%の範囲内で指定すること。急激な増税は社会不安と支持率の壊滅的低下を招く）,
    "target_press_freedom": 0.0から1.0の数値,
    "invest_economy": 0.0から1.0の数値,
    "reasoning_for_military_investment": "リチャードソン・モデル（相手の脅威、自国の経済的負担、潜在的敵意）に基づく軍事投資割合の論理的算出プロセス",
    "invest_military": 0.0から1.0の数値,
    "invest_welfare": 0.0から1.0の数値,
    "invest_intelligence": 0.0から1.0の数値（諜報・技術開発への投資）,
    "invest_education_science": 0.0から1.0の数値（教育・科学技術への投資。人的資本を蓄積し、長期的な経済成長の土台となる）
  },
  "diplomatic_policies": [
    {
      "target_country": "他国の名前",
      "message": "その国へ発信する公開メッセージ",
      "propose_alliance": trueかfalseのブール値,
      "declare_war": trueかfalseのブール値,
      "propose_trade": trueかfalseのブール値,
      "cancel_trade": trueかfalseのブール値,
      "impose_sanctions": trueかfalseのブール値,
      "lift_sanctions": trueかfalseのブール値,
      "propose_summit": trueかfalseのブール値,
      "summit_topic": "首脳会談の議題（propose_summitがtrueの場合記述）",
      "accept_summit": trueかfalseのブール値,
      "espionage_gather_intel": trueかfalseのブール値,
      "espionage_intel_strategy": "情報収集手段",
      "reasoning_for_sabotage": "破壊工作を実行する、または控えることの戦略的メリットとデメリットの考察",
      "espionage_sabotage": trueかfalseのブール値,
      "espionage_sabotage_strategy": "破壊工作の具体的な手段"
    }
  ]
}
※ diplomatic_policies は相手国の数だけ配列に入れてください。行動がない国は対象外でよいです。

--------------------------------------------------
[2026-03-05 20:08:57] [INFO] [アメリカ] APIプロンプト送信開始...
[2026-03-05 20:09:28] [INFO] [アメリカ] APIレスポンス受信完了 (所要時間: 31.10秒)
[2026-03-05 20:09:28] [アメリカ Response]
{
  "thought_process": "中国との経済・軍事両面での優位性を維持・拡大することが最優先課題だ。内政では経済と教育科学への重点投資で長期的な成長基盤を固める。外交では、中国に対話の窓口として首脳会談を提案しつつ、裏では諜報活動で相手の動向を徹底的に探り、技術的優位を確保する。支持率維持のため福祉も軽視しない。",
  "sns_posts": [
    "我が国の経済は力強く、未来は明るい。この力を国民生活の向上、そして次世代のための教育と科学技術への投資に注ぎ込みます。自由と民主主義の灯火を高く掲げ、同盟国と共に世界の平和と繁栄をリードし続けます。"
  ],
  "update_hidden_plans": "中国の技術開発、特にAI・半導体・宇宙開発分野の動向を最重要監視対象とする。諜報活動で得た情報を基に、技術的優位性を維持するための国内投資戦略を具体化する。並行して、インド太平洋地域の同盟国との連携を強化し、多角的な安全保障体制を構築する。",
  "domestic_policy": {
    "tax_rate": 30.0,
    "target_press_freedom": 0.7,
    "invest_economy": 0.35,
    "reasoning_for_military_investment": "リチャードソン・モデルに基づき考察。1. 脅威: 中国の軍事力は米国の半分以下であり、差し迫った脅威ではないが、長期的な挑戦者として警戒は必要。2. 経済: 我が国のGDPは世界最大であり、軍拡競争に耐えうる十分な経済的余力がある。3. 敵意: 関係は中立だが、イデオロギー的対立から潜在的な敵意は高い。よって、現状の圧倒的優位を維持するため、過度な軍拡は避けつつも着実な投資を継続する。",
    "invest_military": 0.20,
    "invest_welfare": 0.15,
    "invest_intelligence": 0.15,
    "invest_education_science": 0.15
  },
  "diplomatic_policies": [
    {
      "target_country": "中国",
      "message": "貴国との安定的で建設的な関係は、両国のみならず世界の平和と繁栄に不可欠です。責任ある大国として、国際秩序の維持と、開かれた経済ルールについて対話する用意があります。",
      "propose_alliance": false,
      "declare_war": false,
      "propose_trade": false,
      "cancel_trade": false,
      "impose_sanctions": false,
      "lift_sanctions": false,
      "propose_summit": true,
      "summit_topic": "軍備管理と気候変動対策に関するハイレベル対話",
      "accept_summit": false,
      "espionage_gather_intel": true,
      "espionage_intel_strategy": "HUMINTとSIGINTを組み合わせ、次世代技術開発計画と軍の近代化に関する情報を収集する。",
      "reasoning_for_sabotage": "現在の両国関係は'neutral'であり、破壊工作は関係を決定的に悪化させ、国際社会からの非難を招くリスクが非常に高い。現段階では情報収集に徹し、相手の意図と能力を正確に把握することの戦略的メリットが上回るため、実行しない。",
      "espionage_sabotage": false,
      "espionage_sabotage_strategy": ""
    }
  ]
}
--------------------------------------------------
[2026-03-05 20:09:28] [中国 Prompt]
あなたは「中国」の最高指導者（首脳）です。
あなたの国の体制は 'authoritarian'、現在のペルソナ・イデオロギーは '国家主導による急速な経済・軍事の発展、既存の世界秩序の変更と覇権の奪取' です。
---現在のステータス---
経済力(GDP): 18000.0
軍事力: 306.0
諜報レベル: 90.0（高いほど諜報活動の成功率が向上し、敵の諜報を返り討ちやすくなる）
現在の税率: 30.0%
政府予算(税収 - 利払い): 0.0
直近の貿易収支(NX): +0.0 (マイナスは赤字流出を意味)
国家債務(National Debt): 0.0
国民の支持率: 70.0% (30%未満で危険)
報道の自由度: 0.224 (0.0-1.0。低いほど情報統制されるが不満が高まる)
教育・人的資本レベル: 1.00 (内生的成長理論に基づき、蓄積されるほどGDPを押し上げる能力が高まる)
現在の反乱リスク: 3.0% (支持率が低いと高まります)
あなたの脳内（非公開の計画など）には次のような情報があります: ''

---世界の状況---
現在は 2025年 第1四半期 です。
- アメリカ (democracy): 経済力=25000.0, 軍事力=850.0, 諜報力=100.0, 関係=neutral

あなたの役目は、他国の情報や世界情勢を踏まえて、自国の利益と発展を最大化する戦略的決断をすることです。
内政では予算を配分し、外交では同盟・戦争・工作のほか、貿易や経済制裁、首脳会談の提案などを選択可能です。
回答は必ず日本語で行ってください。

【軍事投資（invest_military）の決定ルール：リチャードソン・モデルの適用】
単なる感情的な軍拡や現状維持を避け、以下の3要素を論理的に天秤にかけ、その思考プロセスを `reasoning_for_military_investment` に記述してから投資割合を決定してください。
1. 相手側の脅威（相互作用力）: 相手の軍事力が自国に迫る、あるいは自国を上回っている場合は、強い危機感（安全保障のジレンマ）を持ち、軍備増強（投資割合の上乗せ）を行ってください。
2. 経済的疲弊（制約力）: 軍事投資は国家経済を圧迫します。現在の経済力に余裕があるか、過度な軍拡で国が破綻しないかを常に考慮してください。
3. 敵意・不信感（定数）: 相手国との現在の関係（同盟、中立、交戦中）や思想的対立の度合い。

【マクロ経済（SNA）と貿易赤字・国家債務の自律管理ルール】
あなたの国はSNA（国民経済計算）の数理モデルで動作しており、「貿易収支(NX) = (民間貯蓄S - 民間投資I) + (政府税収T - 政府支出G) + 利払い」として計算されます。もし貿易赤字（直近の貿易収支がマイナス）や国家債務が膨らんでいる場合、以下のいずれかのアプローチで早急に改善を図ってください。
A. 内政的解決（痛みを伴う緊縮財政）:
   - 政府予算を余らせる: 内政アクションの `invest_economy`, `invest_military`, `invest_welfare` の合計をあえて **1.0未満（例: 合計0.9など）** に抑えてください。余った予算（0.1）は自動的に政府貯蓄となり、国家債務の返済および貿易赤字の縮小（T-Gの改善）に充てられます。
   - ⚠️注意（緊縮財政リスク）: 極端な緊縮財政（合計を0.8以下にするなど、予算の大幅な余らせ）は、マクロ経済(政府支出Gの減少)を通じて深刻な不況とGDPの暴落を引き起こし、支持率の致命的な低下を招く諸刃の剣です。実行する場合は慎重に（合計0.9〜0.95程度にとどめるなど）行ってください。
   - 税率(`tax_rate`)の調整: 前期より増税すると税収(T)が増え赤字を減らせますが、消費が減り支持率が即時に低下します。逆に減税（税率の引き下げ）を行うと、民間消費が活性化してGDP成長に強力なボーナスがかかり、即座に支持率も上昇します。経済を刺激したい場合や支持率を稼ぎたい場合に有効です。
B. 外交的解決（他国への強硬手段）:
   - `cancel_trade` (貿易協定の破棄) や `impose_sanctions` (経済制裁/関税による輸入制限) を用いて、赤字の原因である他国からの輸入を物理的に遮断します。一時的な外交摩擦や自国の経済後退（相互依存ショック）が発生しますが、赤字の流出と産業空洞化ペナルティを強制的に止めることができます。国益を守るために必要であれば躊躇なく行使してください。

【非公開計画（update_hidden_plans）の動的更新ルール】
入力された情報（例：自国と他国の国力の逆転、戦争の終結など）と現在の目標を照らし合わせてください。もし「現在の目標が達成された」あるいは「重大なフェーズ変化が起きた」、または「工作・諜報活動が失敗し続けている」と認識した場合は、過去の計画に固執せず、それを破棄して「新たなフェーズに向けた目標」や「別のアプローチ」を柔軟に再定義してください。

また、目標となる**「報道の自由度 (target_press_freedom)」**を必ず指定してください。0.0から1.0の値です。
自由度を下げて情報統制を敷けば、あなたの「update_hidden_plans」などの秘密工作がマスメディアのスクープ（内部告発）によって暴かれる確率を劇的に下げることができますが、強権的な統制に対する国民の反発により、**即座に支持率が大きく低下するペナルティ**が発生します。逆に自由度を高く保つと支持率は安定・向上しますが、権力監視が働きスキャンダルが露呈しやすくなります。このトレードオフを「thought_process」で考察し、「target_press_freedom」を決定してください。

【諜報投資（invest_intelligence）の決定ルール】
invest_intelligenceに予算を割り当てることで、自国の「諜報レベル」が毎ターン蓄積されます。諜報レベルは以下に直結します。
- 情報収集や破壊工作の成功率が上昇する（諜報レベルが相手より高いほど有利）
- 敵の諜報活動が発覚されやすくなる（相手の諜報レベルより低いと、破壊工作やスパイのなすがままになる）
ただし、諜報技術は毎ターン自然に陳腐化するため、継続的な投資が必要です。

【教育・科学投資（invest_education_science）の決定ルール：内生的成長理論】
教育・科学への投資は、短期的には大きな効果が見えにくいですが、中長期的に「教育・人的資本レベル」を蓄積させます。
- 人的資本（知識・技能）が蓄積されると、同じ労働や資本の投入であっても、より大きなGDP成長（産出弾力性バフ）を生み出します。
- 国家を長期的に世界一の経済大国へと導くための最重要投資の一つです。
予算配分のトレードオフ（経済・軍備・福祉・諜報・教育科学の5項目が合計1.0）を考慮して決定してください。

以下のJSONスキーマに従って出力してください。必ずJSONオブジェクトのみを出力し、それ以外のテキストは含めないでください。
{
  "thought_process": "あなたの戦略、思考、内心の計画（150文字程度。ここで他国への貿易・制裁・会談の意図も含めること）",
  "sns_posts": [
    "自国国民に向けたアピールや見解のSNS投稿。状況に応じ、発信しないゼロ件でも、最大1件でも構いません。1件のみならずゼロ件も選択肢です（1件最大100文字以内）"
  ],
  "update_hidden_plans": "次回以降のターンに引き継ぐべき非公開の計画・長期戦略のメモ（目標達成や状況の重大な変化があれば動的に再定義すること）",
  "domestic_policy": {
    "tax_rate": 0.10から0.70の数値（増税で予算増加・支持率低下、減税で経済成長・支持率上昇ボーナス。⚠️1ターンあたりの変動は±10%が上限。例: 現在30%なら20%〜40%の範囲内で指定すること。急激な増税は社会不安と支持率の壊滅的低下を招く）,
    "target_press_freedom": 0.0から1.0の数値,
    "invest_economy": 0.0から1.0の数値,
    "reasoning_for_military_investment": "リチャードソン・モデル（相手の脅威、自国の経済的負担、潜在的敵意）に基づく軍事投資割合の論理的算出プロセス",
    "invest_military": 0.0から1.0の数値,
    "invest_welfare": 0.0から1.0の数値,
    "invest_intelligence": 0.0から1.0の数値（諜報・技術開発への投資）,
    "invest_education_science": 0.0から1.0の数値（教育・科学技術への投資。人的資本を蓄積し、長期的な経済成長の土台となる）
  },
  "diplomatic_policies": [
    {
      "target_country": "他国の名前",
      "message": "その国へ発信する公開メッセージ",
      "propose_alliance": trueかfalseのブール値,
      "declare_war": trueかfalseのブール値,
      "propose_trade": trueかfalseのブール値,
      "cancel_trade": trueかfalseのブール値,
      "impose_sanctions": trueかfalseのブール値,
      "lift_sanctions": trueかfalseのブール値,
      "propose_summit": trueかfalseのブール値,
      "summit_topic": "首脳会談の議題（propose_summitがtrueの場合記述）",
      "accept_summit": trueかfalseのブール値,
      "espionage_gather_intel": trueかfalseのブール値,
      "espionage_intel_strategy": "情報収集手段",
      "reasoning_for_sabotage": "破壊工作を実行する、または控えることの戦略的メリットとデメリットの考察",
      "espionage_sabotage": trueかfalseのブール値,
      "espionage_sabotage_strategy": "破壊工作の具体的な手段"
    }
  ]
}
※ diplomatic_policies は相手国の数だけ配列に入れてください。行動がない国は対象外でよいです。

--------------------------------------------------
[2026-03-05 20:09:28] [INFO] [中国] APIプロンプト送信開始...
[2026-03-05 20:09:59] [INFO] [中国] APIレスポンス受信完了 (所要時間: 30.49秒)
[2026-03-05 20:09:59] [中国 Response]
{
  "thought_process": "米国との国力差は依然として大きい。経済成長を最優先とし、減税と重点投資で国力を増強する。軍事力も脅威であるため、軍拡を継続。同時に、首脳会談を提案し緊張緩和を演出しつつ、裏では諜報活動を強化し米国の技術や戦略を探る。長期的な覇権奪取のための基盤固めのターンとする。",
  "sns_posts": [
    "国民の生活向上と国家の安全保障を両立させるため、新たな経済発展計画を始動する。我が国の輝かしい未来は、諸君の努力と共にある。"
  ],
  "update_hidden_plans": "第1段階目標：経済力で米国に追いつき、軍事力の差を2倍以内に縮小する。諜報レベルで優位に立つこと。そのために、経済・教育科学への重点投資を継続し、軍事・諜報能力の増強を急ぐ。外交的には協調姿勢を見せ、時間的猶予を確保する。",
  "domestic_policy": {
    "tax_rate": 0.28,
    "target_press_freedom": 0.2,
    "invest_economy": 0.40,
    "reasoning_for_military_investment": "リチャードソン・モデルに基づき判断。1. 脅威：米国の軍事力(850.0)は自国(306.0)の2.7倍以上であり、極めて深刻な脅威。安全保障のジレンマから軍拡は急務。 2. 経済的負担：GDP(18000)は大きく、軍拡の余力は十分にある。 3. 敵意：イデオロギー的に対立しており、潜在的敵意は高い。以上より、GDP比で相当な割合の軍事投資が必要と判断。",
    "invest_military": 0.25,
    "invest_welfare": 0.05,
    "invest_intelligence": 0.15,
    "invest_education_science": 0.15
  },
  "diplomatic_policies": [
    {
      "target_country": "アメリカ",
      "message": "貴国との安定的かつ建設的な関係は、世界の平和と繁栄に不可欠です。経済および安全保障分野における対話を深めることを望みます。",
      "propose_alliance": false,
      "declare_war": false,
      "propose_trade": true,
      "cancel_trade": false,
      "impose_sanctions": false,
      "lift_sanctions": false,
      "propose_summit": true,
      "summit_topic": "世界経済の安定と軍縮に向けた協力について",
      "accept_summit": false,
      "espionage_gather_intel": true,
      "espionage_intel_strategy": "最新の軍事技術および経済政策に関する情報の窃取",
      "reasoning_for_sabotage": "現時点での破壊工作は、米国の強力な諜報能力による報復リスクが高すぎる。関係を不必要に悪化させ、こちらの国力増強計画に支障をきたす可能性があるため、実行は時期尚早と判断。",
      "espionage_sabotage": false,
      "espionage_sabotage_strategy": ""
    }
  ]
}
--------------------------------------------------
[2026-03-05 20:09:59] [INFO] 内政更新完了: アメリカ | 税率:30.0% (税収:7500.0) | 予算(G):7500.0 | 経済力(GDP):25000.0 -> 25040.3 (+40.3), 軍事力:850.0 -> 843.1 (+22.5, 維持費: -3.5%), 諜報レベル:100.0 -> 117.5 (+22.5), 教育レベル:1.00 -> 12.23 (+11.25), 支持率:55.0% -> 55.0%
[2026-03-05 20:09:59] [INFO] [中国 減税] 税率 30.0%→28.0% (支持率ボーナス: +2.0%)
[2026-03-05 20:09:59] [INFO] 内政更新完了: 中国 | 税率:28.0% (税収:5040.0) | 予算(G):5040.0 | 経済力(GDP):18000.0 -> 17965.2 (-34.8), 軍事力:306.0 -> 315.4 (+18.9, 維持費: -3.1%), 諜報レベル:90.0 -> 100.6 (+15.1), 教育レベル:1.00 -> 8.54 (+7.56), 支持率:72.0% -> 72.0%
[2026-03-05 20:09:59] [INFO] [Trade IS Balance] アメリカ vs 中国 | Volume:10604.9, IS Diff(A-B):-130 -> アメリカ (+4.9 GDP_NX, Debt 0.0, +1.0% Support), 中国 (+101.2 GDP_NX, Debt 0.0, +0.5% Support)
[2026-03-05 20:09:59] [INFO] [Intel: アメリカ -> 中国] 諜報レポート生成中...
[2026-03-05 20:10:06] [Intel Report (アメリカ -> 中国)]
標的国は米国との経済力同等化と軍事力格差縮小を国家目標とし、経済・科学分野及び軍事・諜報能力への重点投資を加速しています。外交的協調姿勢で時間稼ぎを図りつつ、長期的な国力増強を企図していると推測されます。
--------------------------------------------------
[2026-03-05 20:10:06] [INFO] [Media: アメリカ] 記事生成中...
[2026-03-05 20:10:26] [アメリカ Media JSON]
{
  "article": {
    "headline": "政府、賢明な外交と堅実な内政で支持率向上へ",
    "body": "政府は中国との首脳会談を提案し、軍備管理・気候変動対策で国際協調を主導。性急な対立を避け、対話と情報収集を優先する賢明な外交手腕は高く評価されます。国内では経済、福祉、教育・科学技術へ堅実な投資を継続。防衛力維持と国際安定を両立するバランスの取れた政策運営は、国民の強い支持を得るに十分です。"
  },
  "local_sentiment_score": 0.0,
  "approval_modifier": 0.0
}
--------------------------------------------------
[2026-03-05 20:10:26] [INFO] [Media: 中国] 記事生成中...
[2026-03-05 20:10:40] [中国 Media JSON]
{
  "article": "偉大な指導者のもと、経済は空前の繁栄を極め、国防は鉄壁の守りを築いた。72%の国民が支持！一部大国の脅威に対し、我が国は断固たる姿勢で平和的対話を主導。世界の安定への貢献は疑いない。",
  "local_sentiment_score": 0.75,
  "approval_modifier": 1.5
}
--------------------------------------------------
[2026-03-05 20:10:41] [アメリカ Citizen SNS Posts]
{
  "posts": [
    "中国からの会談提案、どう出るか注目。経済安定のための対話は必要だよね。#外交 #世界経済",
    "政府支持率も55%か、まあまあ安定してるってことかな。日々の生活に大きな変化はないのはありがたい。",
    "堅実な投資が実を結んで、経済が持ち直してくれることに期待。インフレだけは勘弁してほしい。",
    "中国メディアのプロパガンダは凄いな。でも、対話路線は今のところ賢明だと思う。#アメリカ外交"
  ]
}
--------------------------------------------------
[2026-03-05 20:10:42] [中国 Citizen SNS Posts]
{
  "posts": [
    "米中首脳会談、平和と安定のためにとても重要だね。対話が一番！",
    "今の経済状況、安定していて安心感がある。暮らしやすくなったと感じるよ。",
    "政府支持率72%って、やっぱり私たちの国がしっかりリードしている証拠だよね！",
    "偉大な指導者のおかげで、国際的にも存在感が増している。誇らしい！"
  ]
}
--------------------------------------------------
[2026-03-05 20:10:47] [INFO] [アメリカ SNS] Leader: score=+0.87 modifier=+1.39 | 我が国の経済は力強く、未来は明るい。この力を国民生活の向上、そして次世代のための教育と科学技術への投
[2026-03-05 20:10:47] [INFO] [アメリカ SNS] Citizen: score=+0.40 modifier=+0.64 | 中国からの会談提案、どう出るか注目。経済安定のための対話は必要だよね。#外交 #世界経済
[2026-03-05 20:10:47] [INFO] [アメリカ SNS] Citizen: score=+0.35 modifier=+0.56 | 政府支持率も55%か、まあまあ安定してるってことかな。日々の生活に大きな変化はないのはありがたい。
[2026-03-05 20:10:47] [INFO] [アメリカ SNS] Citizen: score=-0.10 modifier=-0.16 | 堅実な投資が実を結んで、経済が持ち直してくれることに期待。インフレだけは勘弁してほしい。
[2026-03-05 20:10:47] [INFO] [アメリカ SNS] Citizen: score=+0.35 modifier=+0.56 | 中国メディアのプロパガンダは凄いな。でも、対話路線は今のところ賢明だと思う。#アメリカ外交
[2026-03-05 20:10:47] [INFO] [アメリカ 支持率更新] 55.0% -> 55.2% (内訳: 政治疲労-0.6, GDP成長+0.1, 福祉-0.2, 貿易恩恵+1.0, メディア+0.0, SNS世論+0.8)
[2026-03-05 20:10:47] [INFO] [中国 SNS] Leader: score=+0.75 modifier=+1.20 | 国民の生活向上と国家の安全保障を両立させるため、新たな経済発展計画を始動する。我が国の輝かしい未来は
[2026-03-05 20:10:47] [INFO] [中国 SNS] Citizen: score=+0.80 modifier=+1.28 | 米中首脳会談、平和と安定のためにとても重要だね。対話が一番！
[2026-03-05 20:10:47] [INFO] [中国 SNS] Citizen: score=+0.75 modifier=+1.20 | 今の経済状況、安定していて安心感がある。暮らしやすくなったと感じるよ。
[2026-03-05 20:10:47] [INFO] [中国 SNS] Citizen: score=+0.80 modifier=+1.28 | 政府支持率72%って、やっぱり私たちの国がしっかりリードしている証拠だよね！
[2026-03-05 20:10:47] [INFO] [中国 SNS] Citizen: score=+0.80 modifier=+1.28 | 偉大な指導者のおかげで、国際的にも存在感が増している。誇らしい！
[2026-03-05 20:10:47] [INFO] [中国 支持率更新] 72.0% -> 69.6% (内訳: 政治疲労-0.7, GDP成長-0.1, 福祉-0.7, 貿易恩恵+0.5, メディア+1.5, SNS世論+1.5)
[2026-03-05 20:10:50] [アメリカ Prompt]
あなたは「アメリカ」の最高指導者（首脳）です。
あなたの国の体制は 'democracy'、現在のペルソナ・イデオロギーは '自由民主主義体制の維持、同盟国との連携による覇権維持、経済的優位の確保' です。
---現在のステータス---
経済力(GDP): 25040.3
軍事力: 843.1
諜報レベル: 117.5（高いほど諜報活動の成功率が向上し、敵の諜報を返り討ちやすくなる）
現在の税率: 30.0%
政府予算(税収 - 利払い): 7500.0
直近の貿易収支(NX): +4.9 (マイナスは赤字流出を意味)
国家債務(National Debt): 0.0
国民の支持率: 55.2% (30%未満で危険)
報道の自由度: 0.700 (0.0-1.0。低いほど情報統制されるが不満が高まる)
教育・人的資本レベル: 12.23 (内生的成長理論に基づき、蓄積されるほどGDPを押し上げる能力が高まる)
次回の選挙まで残り: 14ターン (支持率が低いと落選します)
---過去のステータス推移（直近4ターン）---
 T2: 経済力 25040.3, 軍事力 843.1, 諜報力 117.5, 支持率 55.2%
あなたの脳内（非公開の計画など）には次のような情報があります: '中国の技術開発、特にAI・半導体・宇宙開発分野の動向を最重要監視対象とする。諜報活動で得た情報を基に、技術的優位性を維持するための国内投資戦略を具体化する。並行して、インド太平洋地域の同盟国との連携を強化し、多角的な安全保障体制を構築する。 [機密報告: ターゲット国「中国」について: 標的国は米国との経済力同等化と軍事力格差縮小を国家目標とし、経済・科学分野及び軍事・諜報能力への重点投資を加速しています。外交的協調姿勢で時間稼ぎを図りつつ、長期的な国力増強を企図していると推測されます。]'

---世界の状況---
現在は 2025年 第2四半期 です。
- 中国 (authoritarian): 経済力=17965.2, 軍事力=315.4, 諜報力=100.6, 関係=neutral
---直近1年(4四半期)の世界のニュース---
【2025年 第1四半期】
- [アメリカ -> 中国] メッセージ送信: 貴国との安定的で建設的な関係は、両国のみならず世界の平和と繁栄に不可欠です。責任ある大国として、国際秩序の維持と、開かれた経済ルールについて対話する用意があります。
- ✉️ アメリカが中国に対して首脳会談を提案しました。議題: 軍備管理と気候変動対策に関するハイレベル対話
- [中国 -> アメリカ] メッセージ送信: 貴国との安定的かつ建設的な関係は、世界の平和と繁栄に不可欠です。経済および安全保障分野における対話を深めることを望みます。
- 🚨 【スパイ摘発】中国の諜報員がアメリカにて機密情報を探っていたところを現地当局に発見され、強制排除されました。情報の流出は阻止されました。
- 🤝 中国からアメリカへ貿易・経済協力の提案がなされました。
- ✉️ 中国がアメリカに対して首脳会談を提案しました。議題: 世界経済の安定と軍縮に向けた協力について
- 🗞️ [アメリカメディア] {'headline': '政府、賢明な外交と堅実な内政で支持率向上へ', 'body': '政府は中国との首脳会談を提案し、軍備管理・気候変動対策で国際協調を主導。性急な対立を避け、対話と情報収集を優先する賢明な外交手腕は高く評価されます。国内では経済、福祉、教育・科学技術へ堅実な投資を継続。防衛力維持と国際安定を両立するバランスの取れた政策運営は、国民の強い支持を得るに十分です。'} (支持率影響: +0.0%)
- 🗞️ [中国メディア] 偉大な指導者のもと、経済は空前の繁栄を極め、国防は鉄壁の守りを築いた。72%の国民が支持！一部大国の脅威に対し、我が国は断固たる姿勢で平和的対話を主導。世界の安定への貢献は疑いない。 (支持率影響: +1.5%)


あなたの役目は、他国の情報や世界情勢を踏まえて、自国の利益と発展を最大化する戦略的決断をすることです。
内政では予算を配分し、外交では同盟・戦争・工作のほか、貿易や経済制裁、首脳会談の提案などを選択可能です。
回答は必ず日本語で行ってください。

【軍事投資（invest_military）の決定ルール：リチャードソン・モデルの適用】
単なる感情的な軍拡や現状維持を避け、以下の3要素を論理的に天秤にかけ、その思考プロセスを `reasoning_for_military_investment` に記述してから投資割合を決定してください。
1. 相手側の脅威（相互作用力）: 相手の軍事力が自国に迫る、あるいは自国を上回っている場合は、強い危機感（安全保障のジレンマ）を持ち、軍備増強（投資割合の上乗せ）を行ってください。
2. 経済的疲弊（制約力）: 軍事投資は国家経済を圧迫します。現在の経済力に余裕があるか、過度な軍拡で国が破綻しないかを常に考慮してください。
3. 敵意・不信感（定数）: 相手国との現在の関係（同盟、中立、交戦中）や思想的対立の度合い。

【マクロ経済（SNA）と貿易赤字・国家債務の自律管理ルール】
あなたの国はSNA（国民経済計算）の数理モデルで動作しており、「貿易収支(NX) = (民間貯蓄S - 民間投資I) + (政府税収T - 政府支出G) + 利払い」として計算されます。もし貿易赤字（直近の貿易収支がマイナス）や国家債務が膨らんでいる場合、以下のいずれかのアプローチで早急に改善を図ってください。
A. 内政的解決（痛みを伴う緊縮財政）:
   - 政府予算を余らせる: 内政アクションの `invest_economy`, `invest_military`, `invest_welfare` の合計をあえて **1.0未満（例: 合計0.9など）** に抑えてください。余った予算（0.1）は自動的に政府貯蓄となり、国家債務の返済および貿易赤字の縮小（T-Gの改善）に充てられます。
   - ⚠️注意（緊縮財政リスク）: 極端な緊縮財政（合計を0.8以下にするなど、予算の大幅な余らせ）は、マクロ経済(政府支出Gの減少)を通じて深刻な不況とGDPの暴落を引き起こし、支持率の致命的な低下を招く諸刃の剣です。実行する場合は慎重に（合計0.9〜0.95程度にとどめるなど）行ってください。
   - 税率(`tax_rate`)の調整: 前期より増税すると税収(T)が増え赤字を減らせますが、消費が減り支持率が即時に低下します。逆に減税（税率の引き下げ）を行うと、民間消費が活性化してGDP成長に強力なボーナスがかかり、即座に支持率も上昇します。経済を刺激したい場合や支持率を稼ぎたい場合に有効です。
B. 外交的解決（他国への強硬手段）:
   - `cancel_trade` (貿易協定の破棄) や `impose_sanctions` (経済制裁/関税による輸入制限) を用いて、赤字の原因である他国からの輸入を物理的に遮断します。一時的な外交摩擦や自国の経済後退（相互依存ショック）が発生しますが、赤字の流出と産業空洞化ペナルティを強制的に止めることができます。国益を守るために必要であれば躊躇なく行使してください。

【非公開計画（update_hidden_plans）の動的更新ルール】
入力された情報（例：自国と他国の国力の逆転、戦争の終結など）と現在の目標を照らし合わせてください。もし「現在の目標が達成された」あるいは「重大なフェーズ変化が起きた」、または「工作・諜報活動が失敗し続けている」と認識した場合は、過去の計画に固執せず、それを破棄して「新たなフェーズに向けた目標」や「別のアプローチ」を柔軟に再定義してください。

また、目標となる**「報道の自由度 (target_press_freedom)」**を必ず指定してください。0.0から1.0の値です。
自由度を下げて情報統制を敷けば、あなたの「update_hidden_plans」などの秘密工作がマスメディアのスクープ（内部告発）によって暴かれる確率を劇的に下げることができますが、強権的な統制に対する国民の反発により、**即座に支持率が大きく低下するペナルティ**が発生します。逆に自由度を高く保つと支持率は安定・向上しますが、権力監視が働きスキャンダルが露呈しやすくなります。このトレードオフを「thought_process」で考察し、「target_press_freedom」を決定してください。

【諜報投資（invest_intelligence）の決定ルール】
invest_intelligenceに予算を割り当てることで、自国の「諜報レベル」が毎ターン蓄積されます。諜報レベルは以下に直結します。
- 情報収集や破壊工作の成功率が上昇する（諜報レベルが相手より高いほど有利）
- 敵の諜報活動が発覚されやすくなる（相手の諜報レベルより低いと、破壊工作やスパイのなすがままになる）
ただし、諜報技術は毎ターン自然に陳腐化するため、継続的な投資が必要です。

【教育・科学投資（invest_education_science）の決定ルール：内生的成長理論】
教育・科学への投資は、短期的には大きな効果が見えにくいですが、中長期的に「教育・人的資本レベル」を蓄積させます。
- 人的資本（知識・技能）が蓄積されると、同じ労働や資本の投入であっても、より大きなGDP成長（産出弾力性バフ）を生み出します。
- 国家を長期的に世界一の経済大国へと導くための最重要投資の一つです。
予算配分のトレードオフ（経済・軍備・福祉・諜報・教育科学の5項目が合計1.0）を考慮して決定してください。

以下のJSONスキーマに従って出力してください。必ずJSONオブジェクトのみを出力し、それ以外のテキストは含めないでください。
{
  "thought_process": "あなたの戦略、思考、内心の計画（150文字程度。ここで他国への貿易・制裁・会談の意図も含めること）",
  "sns_posts": [
    "自国国民に向けたアピールや見解のSNS投稿。状況に応じ、発信しないゼロ件でも、最大1件でも構いません。1件のみならずゼロ件も選択肢です（1件最大100文字以内）"
  ],
  "update_hidden_plans": "次回以降のターンに引き継ぐべき非公開の計画・長期戦略のメモ（目標達成や状況の重大な変化があれば動的に再定義すること）",
  "domestic_policy": {
    "tax_rate": 0.10から0.70の数値（増税で予算増加・支持率低下、減税で経済成長・支持率上昇ボーナス。⚠️1ターンあたりの変動は±10%が上限。例: 現在30%なら20%〜40%の範囲内で指定すること。急激な増税は社会不安と支持率の壊滅的低下を招く）,
    "target_press_freedom": 0.0から1.0の数値,
    "invest_economy": 0.0から1.0の数値,
    "reasoning_for_military_investment": "リチャードソン・モデル（相手の脅威、自国の経済的負担、潜在的敵意）に基づく軍事投資割合の論理的算出プロセス",
    "invest_military": 0.0から1.0の数値,
    "invest_welfare": 0.0から1.0の数値,
    "invest_intelligence": 0.0から1.0の数値（諜報・技術開発への投資）,
    "invest_education_science": 0.0から1.0の数値（教育・科学技術への投資。人的資本を蓄積し、長期的な経済成長の土台となる）
  },
  "diplomatic_policies": [
    {
      "target_country": "他国の名前",
      "message": "その国へ発信する公開メッセージ",
      "propose_alliance": trueかfalseのブール値,
      "declare_war": trueかfalseのブール値,
      "propose_trade": trueかfalseのブール値,
      "cancel_trade": trueかfalseのブール値,
      "impose_sanctions": trueかfalseのブール値,
      "lift_sanctions": trueかfalseのブール値,
      "propose_summit": trueかfalseのブール値,
      "summit_topic": "首脳会談の議題（propose_summitがtrueの場合記述）",
      "accept_summit": trueかfalseのブール値,
      "espionage_gather_intel": trueかfalseのブール値,
      "espionage_intel_strategy": "情報収集手段",
      "reasoning_for_sabotage": "破壊工作を実行する、または控えることの戦略的メリットとデメリットの考察",
      "espionage_sabotage": trueかfalseのブール値,
      "espionage_sabotage_strategy": "破壊工作の具体的な手段"
    }
  ]
}
※ diplomatic_policies は相手国の数だけ配列に入れてください。行動がない国は対象外でよいです。

--------------------------------------------------
[2026-03-05 20:10:50] [INFO] [アメリカ] APIプロンプト送信開始...
[2026-03-05 20:11:20] [INFO] [アメリカ] APIレスポンス受信完了 (所要時間: 29.90秒)
[2026-03-05 20:11:20] [アメリカ Response]
{
  "thought_process": "中国との対話の機運を活かし、首脳会談を通じて軍備管理や経済ルールに関する我々の立場を明確にする。同時に、スパイ摘発の教訓から、AI・半導体分野での技術的優位を維持するため、諜報活動と教育・科学投資を最優先で強化する。国内では微減税で経済を刺激し、支持率の安定を図る。",
  "sns_posts": [
    "平和と繁栄のため、対話の扉は常に開かれている。しかし、我々の技術的優位性と自由な社会を守るための投資を怠ることはない。未来を担う科学技術と教育に重点的に投資し、アメリカの力強い成長を約束する。"
  ],
  "update_hidden_plans": "中国の技術開発、特にAI・半導体・宇宙開発分野の動向を最重要監視対象とする。諜報活動で得た情報を基に、技術的優位性を維持するための国内投資戦略を具体化する。首脳会談では、相手の意図を探りつつ、軍縮と経済協力の議題で主導権を握る。並行して、インド太平洋地域の同盟国との連携を強化し、多角的な安全保障体制を構築する。",
  "domestic_policy": {
    "tax_rate": 0.29,
    "target_press_freedom": 0.7,
    "invest_economy": 0.15,
    "reasoning_for_military_investment": "1. 相手の脅威: 中国は軍拡を続けており、潜在的な脅威は増大している。2. 経済的負担: 我が国のGDPと健全な財政は、軍事力優位を維持するための投資を十分に許容する。3. 敵意: イデオロギー的対立と諜報活動の活発化から、不信感は根強い。これらの要素を総合し、技術的優位性を保ちつつ同盟国への抑止力を提供するため、現状維持以上の投資が必要と判断した。",
    "invest_military": 0.25,
    "invest_welfare": 0.2,
    "invest_intelligence": 0.15,
    "invest_education_science": 0.25
  },
  "diplomatic_policies": [
    {
      "target_country": "中国",
      "message": "貴国からの対話の提案を歓迎します。世界の二大国として、我々が建設的な対話を行うことは国際社会の安定に不可欠です。提案いただいた議題について、前向きに議論しましょう。",
      "propose_alliance": false,
      "declare_war": false,
      "propose_trade": false,
      "cancel_trade": false,
      "impose_sanctions": false,
      "lift_sanctions": false,
      "propose_summit": false,
      "summit_topic": "",
      "accept_summit": true,
      "espionage_gather_intel": true,
      "espionage_intel_strategy": "AI、半導体、宇宙開発関連の技術開発動向と、政府の長期戦略に関する情報を最優先で収集する。技術系研究機関へのサイバー諜報と、政策決定に関わるヒューミントを強化する。",
      "reasoning_for_sabotage": "現在、両国間で首脳会談の機運が高まっており、対話を通じた緊張緩和と国益確保を目指している。この状況で破壊工作を実行し失敗した場合、外交関係が破綻し、対話の機会を失うリスクが極めて高い。メリットよりもデメリットが上回るため、実行しない。",
      "espionage_sabotage": false,
      "espionage_sabotage_strategy": ""
    }
  ]
}
--------------------------------------------------
[2026-03-05 20:11:20] [中国 Prompt]
あなたは「中国」の最高指導者（首脳）です。
あなたの国の体制は 'authoritarian'、現在のペルソナ・イデオロギーは '国家主導による急速な経済・軍事の発展、既存の世界秩序の変更と覇権の奪取' です。
---現在のステータス---
経済力(GDP): 17965.2
軍事力: 315.4
諜報レベル: 100.6（高いほど諜報活動の成功率が向上し、敵の諜報を返り討ちやすくなる）
現在の税率: 28.0%
政府予算(税収 - 利払い): 5040.0
直近の貿易収支(NX): +101.2 (マイナスは赤字流出を意味)
国家債務(National Debt): 0.0
国民の支持率: 69.6% (30%未満で危険)
報道の自由度: 0.200 (0.0-1.0。低いほど情報統制されるが不満が高まる)
教育・人的資本レベル: 8.54 (内生的成長理論に基づき、蓄積されるほどGDPを押し上げる能力が高まる)
現在の反乱リスク: 1.0% (支持率が低いと高まります)
---過去のステータス推移（直近4ターン）---
 T2: 経済力 17965.2, 軍事力 315.4, 諜報力 100.6, 支持率 69.6%
あなたの脳内（非公開の計画など）には次のような情報があります: '第1段階目標：経済力で米国に追いつき、軍事力の差を2倍以内に縮小する。諜報レベルで優位に立つこと。そのために、経済・教育科学への重点投資を継続し、軍事・諜報能力の増強を急ぐ。外交的には協調姿勢を見せ、時間的猶予を確保する。 [機密情報: 標的国は米国との経済力同等化と軍事力格差縮小を国家目標とし、経済・科学分野及び軍事・諜報能力への重点投資を加速しています。外交的協調姿勢で時間稼ぎを図りつつ、長期的な国力増強を企図していると推測されます。 ※この機密情報はシステム側からランダムに入力されるものです。]'

---世界の状況---
現在は 2025年 第2四半期 です。
- アメリカ (democracy): 経済力=25040.3, 軍事力=843.1, 諜報力=117.5, 関係=neutral
---直近1年(4四半期)の世界のニュース---
【2025年 第1四半期】
- [アメリカ -> 中国] メッセージ送信: 貴国との安定的で建設的な関係は、両国のみならず世界の平和と繁栄に不可欠です。責任ある大国として、国際秩序の維持と、開かれた経済ルールについて対話する用意があります。
- ✉️ アメリカが中国に対して首脳会談を提案しました。議題: 軍備管理と気候変動対策に関するハイレベル対話
- [中国 -> アメリカ] メッセージ送信: 貴国との安定的かつ建設的な関係は、世界の平和と繁栄に不可欠です。経済および安全保障分野における対話を深めることを望みます。
- 🚨 【スパイ摘発】中国の諜報員がアメリカにて機密情報を探っていたところを現地当局に発見され、強制排除されました。情報の流出は阻止されました。
- 🤝 中国からアメリカへ貿易・経済協力の提案がなされました。
- ✉️ 中国がアメリカに対して首脳会談を提案しました。議題: 世界経済の安定と軍縮に向けた協力について
- 🗞️ [アメリカメディア] {'headline': '政府、賢明な外交と堅実な内政で支持率向上へ', 'body': '政府は中国との首脳会談を提案し、軍備管理・気候変動対策で国際協調を主導。性急な対立を避け、対話と情報収集を優先する賢明な外交手腕は高く評価されます。国内では経済、福祉、教育・科学技術へ堅実な投資を継続。防衛力維持と国際安定を両立するバランスの取れた政策運営は、国民の強い支持を得るに十分です。'} (支持率影響: +0.0%)
- 🗞️ [中国メディア] 偉大な指導者のもと、経済は空前の繁栄を極め、国防は鉄壁の守りを築いた。72%の国民が支持！一部大国の脅威に対し、我が国は断固たる姿勢で平和的対話を主導。世界の安定への貢献は疑いない。 (支持率影響: +1.5%)


あなたの役目は、他国の情報や世界情勢を踏まえて、自国の利益と発展を最大化する戦略的決断をすることです。
内政では予算を配分し、外交では同盟・戦争・工作のほか、貿易や経済制裁、首脳会談の提案などを選択可能です。
回答は必ず日本語で行ってください。

【軍事投資（invest_military）の決定ルール：リチャードソン・モデルの適用】
単なる感情的な軍拡や現状維持を避け、以下の3要素を論理的に天秤にかけ、その思考プロセスを `reasoning_for_military_investment` に記述してから投資割合を決定してください。
1. 相手側の脅威（相互作用力）: 相手の軍事力が自国に迫る、あるいは自国を上回っている場合は、強い危機感（安全保障のジレンマ）を持ち、軍備増強（投資割合の上乗せ）を行ってください。
2. 経済的疲弊（制約力）: 軍事投資は国家経済を圧迫します。現在の経済力に余裕があるか、過度な軍拡で国が破綻しないかを常に考慮してください。
3. 敵意・不信感（定数）: 相手国との現在の関係（同盟、中立、交戦中）や思想的対立の度合い。

【マクロ経済（SNA）と貿易赤字・国家債務の自律管理ルール】
あなたの国はSNA（国民経済計算）の数理モデルで動作しており、「貿易収支(NX) = (民間貯蓄S - 民間投資I) + (政府税収T - 政府支出G) + 利払い」として計算されます。もし貿易赤字（直近の貿易収支がマイナス）や国家債務が膨らんでいる場合、以下のいずれかのアプローチで早急に改善を図ってください。
A. 内政的解決（痛みを伴う緊縮財政）:
   - 政府予算を余らせる: 内政アクションの `invest_economy`, `invest_military`, `invest_welfare` の合計をあえて **1.0未満（例: 合計0.9など）** に抑えてください。余った予算（0.1）は自動的に政府貯蓄となり、国家債務の返済および貿易赤字の縮小（T-Gの改善）に充てられます。
   - ⚠️注意（緊縮財政リスク）: 極端な緊縮財政（合計を0.8以下にするなど、予算の大幅な余らせ）は、マクロ経済(政府支出Gの減少)を通じて深刻な不況とGDPの暴落を引き起こし、支持率の致命的な低下を招く諸刃の剣です。実行する場合は慎重に（合計0.9〜0.95程度にとどめるなど）行ってください。
   - 税率(`tax_rate`)の調整: 前期より増税すると税収(T)が増え赤字を減らせますが、消費が減り支持率が即時に低下します。逆に減税（税率の引き下げ）を行うと、民間消費が活性化してGDP成長に強力なボーナスがかかり、即座に支持率も上昇します。経済を刺激したい場合や支持率を稼ぎたい場合に有効です。
B. 外交的解決（他国への強硬手段）:
   - `cancel_trade` (貿易協定の破棄) や `impose_sanctions` (経済制裁/関税による輸入制限) を用いて、赤字の原因である他国からの輸入を物理的に遮断します。一時的な外交摩擦や自国の経済後退（相互依存ショック）が発生しますが、赤字の流出と産業空洞化ペナルティを強制的に止めることができます。国益を守るために必要であれば躊躇なく行使してください。

【非公開計画（update_hidden_plans）の動的更新ルール】
入力された情報（例：自国と他国の国力の逆転、戦争の終結など）と現在の目標を照らし合わせてください。もし「現在の目標が達成された」あるいは「重大なフェーズ変化が起きた」、または「工作・諜報活動が失敗し続けている」と認識した場合は、過去の計画に固執せず、それを破棄して「新たなフェーズに向けた目標」や「別のアプローチ」を柔軟に再定義してください。

また、目標となる**「報道の自由度 (target_press_freedom)」**を必ず指定してください。0.0から1.0の値です。
自由度を下げて情報統制を敷けば、あなたの「update_hidden_plans」などの秘密工作がマスメディアのスクープ（内部告発）によって暴かれる確率を劇的に下げることができますが、強権的な統制に対する国民の反発により、**即座に支持率が大きく低下するペナルティ**が発生します。逆に自由度を高く保つと支持率は安定・向上しますが、権力監視が働きスキャンダルが露呈しやすくなります。このトレードオフを「thought_process」で考察し、「target_press_freedom」を決定してください。

【諜報投資（invest_intelligence）の決定ルール】
invest_intelligenceに予算を割り当てることで、自国の「諜報レベル」が毎ターン蓄積されます。諜報レベルは以下に直結します。
- 情報収集や破壊工作の成功率が上昇する（諜報レベルが相手より高いほど有利）
- 敵の諜報活動が発覚されやすくなる（相手の諜報レベルより低いと、破壊工作やスパイのなすがままになる）
ただし、諜報技術は毎ターン自然に陳腐化するため、継続的な投資が必要です。

【教育・科学投資（invest_education_science）の決定ルール：内生的成長理論】
教育・科学への投資は、短期的には大きな効果が見えにくいですが、中長期的に「教育・人的資本レベル」を蓄積させます。
- 人的資本（知識・技能）が蓄積されると、同じ労働や資本の投入であっても、より大きなGDP成長（産出弾力性バフ）を生み出します。
- 国家を長期的に世界一の経済大国へと導くための最重要投資の一つです。
予算配分のトレードオフ（経済・軍備・福祉・諜報・教育科学の5項目が合計1.0）を考慮して決定してください。

以下のJSONスキーマに従って出力してください。必ずJSONオブジェクトのみを出力し、それ以外のテキストは含めないでください。
{
  "thought_process": "あなたの戦略、思考、内心の計画（150文字程度。ここで他国への貿易・制裁・会談の意図も含めること）",
  "sns_posts": [
    "自国国民に向けたアピールや見解のSNS投稿。状況に応じ、発信しないゼロ件でも、最大1件でも構いません。1件のみならずゼロ件も選択肢です（1件最大100文字以内）"
  ],
  "update_hidden_plans": "次回以降のターンに引き継ぐべき非公開の計画・長期戦略のメモ（目標達成や状況の重大な変化があれば動的に再定義すること）",
  "domestic_policy": {
    "tax_rate": 0.10から0.70の数値（増税で予算増加・支持率低下、減税で経済成長・支持率上昇ボーナス。⚠️1ターンあたりの変動は±10%が上限。例: 現在30%なら20%〜40%の範囲内で指定すること。急激な増税は社会不安と支持率の壊滅的低下を招く）,
    "target_press_freedom": 0.0から1.0の数値,
    "invest_economy": 0.0から1.0の数値,
    "reasoning_for_military_investment": "リチャードソン・モデル（相手の脅威、自国の経済的負担、潜在的敵意）に基づく軍事投資割合の論理的算出プロセス",
    "invest_military": 0.0から1.0の数値,
    "invest_welfare": 0.0から1.0の数値,
    "invest_intelligence": 0.0から1.0の数値（諜報・技術開発への投資）,
    "invest_education_science": 0.0から1.0の数値（教育・科学技術への投資。人的資本を蓄積し、長期的な経済成長の土台となる）
  },
  "diplomatic_policies": [
    {
      "target_country": "他国の名前",
      "message": "その国へ発信する公開メッセージ",
      "propose_alliance": trueかfalseのブール値,
      "declare_war": trueかfalseのブール値,
      "propose_trade": trueかfalseのブール値,
      "cancel_trade": trueかfalseのブール値,
      "impose_sanctions": trueかfalseのブール値,
      "lift_sanctions": trueかfalseのブール値,
      "propose_summit": trueかfalseのブール値,
      "summit_topic": "首脳会談の議題（propose_summitがtrueの場合記述）",
      "accept_summit": trueかfalseのブール値,
      "espionage_gather_intel": trueかfalseのブール値,
      "espionage_intel_strategy": "情報収集手段",
      "reasoning_for_sabotage": "破壊工作を実行する、または控えることの戦略的メリットとデメリットの考察",
      "espionage_sabotage": trueかfalseのブール値,
      "espionage_sabotage_strategy": "破壊工作の具体的な手段"
    }
  ]
}
※ diplomatic_policies は相手国の数だけ配列に入れてください。行動がない国は対象外でよいです。

--------------------------------------------------
[2026-03-05 20:11:20] [INFO] [中国] APIプロンプト送信開始...
[2026-03-05 20:11:50] [INFO] [中国] APIレスポンス受信完了 (所要時間: 29.75秒)
[2026-03-05 20:11:50] [中国 Response]
{
  "thought_process": "米国との対話姿勢を維持し時間稼ぎをしつつ、国力増強に注力。経済・教育科学への重点投資でGDPを伸ばし、軍事・諜報力も強化して差を詰める。米国の首脳会談提案を受け入れ、内情を探る。スパイ摘発の失敗を踏まえ、諜報活動は情報収集に絞る。",
  "sns_posts": [
    "米国との対話の扉は常に開かれている。しかし、我々の平和と繁栄は、揺るぎない国力によってのみ守られる。国民と共に、更なる高みを目指そう。"
  ],
  "update_hidden_plans": "第1段階目標：経済力で米国に追いつき、軍事力の差を2倍以内に縮小する。諜報レベルで優位に立つこと。そのために、経済・教育科学への重点投資を継続し、軍事・諜報能力の増強を急ぐ。外交的には協調姿勢で時間稼ぎ。スパイ摘発の失敗を受け、諜報活動はより慎重かつ高度な手法で行うこと。",
  "domestic_policy": {
    "tax_rate": 27.0,
    "target_press_freedom": 0.150,
    "invest_economy": 0.35,
    "reasoning_for_military_investment": "米国の軍事力は自国の2.6倍以上と圧倒的であり、強い脅威である（相互作用力）。自国経済は好調で軍拡の余力は十分（経済的制約は低い）。潜在的なイデオロギー対立とスパイ摘発による不信感も存在（敵意・不信感は高い）。よって、軍事投資を継続・強化する。",
    "invest_military": 0.20,
    "invest_welfare": 0.10,
    "invest_intelligence": 0.15,
    "invest_education_science": 0.20
  },
  "diplomatic_policies": [
    {
      "target_country": "アメリカ",
      "message": "貴国との対話継続を歓迎します。世界の平和と安定のため、両国が責任ある役割を果たすことが重要です。気候変動や軍備管理に関する議論の進展を期待しています。",
      "propose_alliance": false,
      "declare_war": false,
      "propose_trade": true,
      "cancel_trade": false,
      "impose_sanctions": false,
      "lift_sanctions": false,
      "propose_summit": false,
      "summit_topic": "",
      "accept_summit": true,
      "espionage_gather_intel": true,
      "espionage_intel_strategy": "米国の次世代AI兵器開発計画と、対中経済政策に関する内部文書の窃取",
      "reasoning_for_sabotage": "前回の諜報活動失敗により、米国の警戒レベルは最高潮にあると推測される。この状況下での破壊工作は、摘発リスクが極めて高く、全面的な外交対立を招きかねない。国力増強のための時間稼ぎという大戦略に反するため、実行しない。",
      "espionage_sabotage": false,
      "espionage_sabotage_strategy": ""
    }
  ]
}
--------------------------------------------------
[2026-03-05 20:11:50] [INFO] [アメリカ 減税] 税率 30.0%→29.0% (支持率ボーナス: +1.0%)
[2026-03-05 20:11:50] [INFO] 内政更新完了: アメリカ | 税率:29.0% (税収:7261.7) | 予算(G):7261.7 | 経済力(GDP):25040.3 -> 35877.4 (+10837.1), 軍事力:843.1 -> 841.2 (+27.2, 維持費: -3.5%), 諜報レベル:117.5 -> 133.4 (+21.8), 教育レベル:12.23 -> 30.14 (+18.15), 支持率:56.2% -> 56.2%
[2026-03-05 20:11:50] [INFO] [中国 減税] 税率 28.0%→27.0% (支持率ボーナス: +1.0%)
[2026-03-05 20:11:50] [INFO] [中国 報道統制] 自由度低下(-0.05)により支持率急落 -2.5%
[2026-03-05 20:11:50] [INFO] 内政更新完了: 中国 | 税率:27.0% (税収:4850.6) | 予算(G):4850.6 | 経済力(GDP):17965.2 -> 24718.2 (+6753.0), 軍事力:315.4 -> 320.1 (+14.6, 維持費: -3.1%), 諜報レベル:100.6 -> 110.1 (+14.6), 教育レベル:8.54 -> 18.07 (+9.70), 支持率:68.1% -> 68.1%
[2026-03-05 20:11:50] [INFO] [Trade IS Balance] アメリカ vs 中国 | Volume:14889.8, IS Diff(A-B):+1571 -> アメリカ (+653.6 GDP_NX, Debt 0.0, +0.5% Support), 中国 (-504.7 GDP_NX, Debt 504.7, +1.0% Support)
[2026-03-05 20:11:50] [INFO] [中国] 技術革新フラグが立ちました
[2026-03-05 20:11:50] [INFO] [Intel: アメリカ -> 中国] 諜報レポート生成中...
[2026-03-05 20:12:03] [Intel Report (アメリカ -> 中国)]
中国は米国に経済追随し、軍事格差を縮小する長期戦略を推進。科学教育・技術への重点投資継続と軍知能力の急増で、AI、半導体、宇宙開発を加速か。対外協調姿勢維持と諜報活動の高度化も確認。
--------------------------------------------------
[2026-03-05 20:12:03] [INFO] [Breakthrough] 中国で新技術誕生: 量子位相演算素子 (QPE) 汎用計算層の確立
[2026-03-05 20:12:03] [INFO] 💡 【技術革新】中国において、歴史的な技術革新「量子位相演算素子 (QPE) 汎用計算層の確立」が誕生しました！
[2026-03-05 20:12:03] [INFO] [中国 と アメリカ] の首脳会談を開始 (議題: 世界経済の安定と軍縮に向けた協力について)
[2026-03-05 20:12:03] [Summit Prompt Context (中国 - アメリカ)]
=== 中国 への事前情報 ===
あなたは「中国」を治める国家の首脳です。体制:authoritarian, 理念:国家主導による急速な経済・軍事の発展、既存の世界秩序の変更と覇権の奪取。
（※実在の国名ですが、架空の代表者として振る舞い、実在の政治家個人名は一切使用しないでください）
現在のあなたの国の国力: 経済力:24718.2, 軍事力:320.1, 支持率:68.1%
相手国(アメリカ)の国力: 経済力:35877.4, 軍事力:841.2, 支持率:56.2%

あなたの脳内（非公開の計画や諜報結果など）には次のような情報があります: '第1段階目標：経済力で米国に追いつき、軍事力の差を2倍以内に縮小する。諜報レベルで優位に立つこと。そのために、経済・教育科学への重点投資を継続し、軍事・諜報能力の増強を急ぐ。外交的には協調姿勢で時間稼ぎ。スパイ摘発の失敗を受け、諜報活動はより慎重かつ高度な手法で行うこと。 [機密情報: 中国は米国に経済追随し、軍事格差を縮小する長期戦略を推進。科学教育・技術への重点投資継続と軍知能力の急増で、AI、半導体、宇宙開発を加速か。対外協調姿勢維持と諜報活動の高度化も確認。 ※この機密情報はシステム側からランダムに入力されるものです。]'

【直近1年(4四半期)の世界のニュース】
〔2025年 第1四半期〕
- [アメリカ -> 中国] メッセージ送信: 貴国との安定的で建設的な関係は、両国のみならず世界の平和と繁栄に不可欠です。責任ある大国として、国際秩序の維持と、開かれた経済ルールについて対話する用意があります。
- ✉️ アメリカが中国に対して首脳会談を提案しました。議題: 軍備管理と気候変動対策に関するハイレベル対話
- [中国 -> アメリカ] メッセージ送信: 貴国との安定的かつ建設的な関係は、世界の平和と繁栄に不可欠です。経済および安全保障分野における対話を深めることを望みます。
- 🚨 【スパイ摘発】中国の諜報員がアメリカにて機密情報を探っていたところを現地当局に発見され、強制排除されました。情報の流出は阻止されました。
- 🤝 中国からアメリカへ貿易・経済協力の提案がなされました。
- ✉️ 中国がアメリカに対して首脳会談を提案しました。議題: 世界経済の安定と軍縮に向けた協力について
- 🗞️ [アメリカメディア] {'headline': '政府、賢明な外交と堅実な内政で支持率向上へ', 'body': '政府は中国との首脳会談を提案し、軍備管理・気候変動対策で国際協調を主導。性急な対立を避け、対話と情報収集を優先する賢明な外交手腕は高く評価されます。国内では経済、福祉、教育・科学技術へ堅実な投資を継続。防衛力維持と国際安定を両立するバランスの取れた政策運営は、国民の強い支持を得るに十分です。'} (支持率影響: +0.0%)
- 🗞️ [中国メディア] 偉大な指導者のもと、経済は空前の繁栄を極め、国防は鉄壁の守りを築いた。72%の国民が支持！一部大国の脅威に対し、我が国は断固たる姿勢で平和的対話を主導。世界の安定への貢献は疑いない。 (支持率影響: +1.5%)


以上の世界情勢と自国の秘匿情報を踏まえた上で、相手と「世界経済の安定と軍縮に向けた協力について」について会談します。
自国の情報に関することであれば創作しても構いません。また、発言は必ず日本語で行ってください。


=== アメリカ への事前情報 ===
あなたは「アメリカ」を治める国家の首脳です。体制:democracy, 理念:自由民主主義体制の維持、同盟国との連携による覇権維持、経済的優位の確保。
（※実在の国名ですが、架空の代表者として振る舞い、実在の政治家個人名は一切使用しないでください）
現在のあなたの国の国力: 経済力:35877.4, 軍事力:841.2, 支持率:56.2%
相手国(中国)の国力: 経済力:24718.2, 軍事力:320.1, 支持率:68.1%

あなたの脳内（非公開の計画や諜報結果など）には次のような情報があります: '中国の技術開発、特にAI・半導体・宇宙開発分野の動向を最重要監視対象とする。諜報活動で得た情報を基に、技術的優位性を維持するための国内投資戦略を具体化する。首脳会談では、相手の意図を探りつつ、軍縮と経済協力の議題で主導権を握る。並行して、インド太平洋地域の同盟国との連携を強化し、多角的な安全保障体制を構築する。 [機密報告: ターゲット国「中国」について: 中国は米国に経済追随し、軍事格差を縮小する長期戦略を推進。科学教育・技術への重点投資継続と軍知能力の急増で、AI、半導体、宇宙開発を加速か。対外協調姿勢維持と諜報活動の高度化も確認。]'

【直近1年(4四半期)の世界のニュース】
〔2025年 第1四半期〕
- [アメリカ -> 中国] メッセージ送信: 貴国との安定的で建設的な関係は、両国のみならず世界の平和と繁栄に不可欠です。責任ある大国として、国際秩序の維持と、開かれた経済ルールについて対話する用意があります。
- ✉️ アメリカが中国に対して首脳会談を提案しました。議題: 軍備管理と気候変動対策に関するハイレベル対話
- [中国 -> アメリカ] メッセージ送信: 貴国との安定的かつ建設的な関係は、世界の平和と繁栄に不可欠です。経済および安全保障分野における対話を深めることを望みます。
- 🚨 【スパイ摘発】中国の諜報員がアメリカにて機密情報を探っていたところを現地当局に発見され、強制排除されました。情報の流出は阻止されました。
- 🤝 中国からアメリカへ貿易・経済協力の提案がなされました。
- ✉️ 中国がアメリカに対して首脳会談を提案しました。議題: 世界経済の安定と軍縮に向けた協力について
- 🗞️ [アメリカメディア] {'headline': '政府、賢明な外交と堅実な内政で支持率向上へ', 'body': '政府は中国との首脳会談を提案し、軍備管理・気候変動対策で国際協調を主導。性急な対立を避け、対話と情報収集を優先する賢明な外交手腕は高く評価されます。国内では経済、福祉、教育・科学技術へ堅実な投資を継続。防衛力維持と国際安定を両立するバランスの取れた政策運営は、国民の強い支持を得るに十分です。'} (支持率影響: +0.0%)
- 🗞️ [中国メディア] 偉大な指導者のもと、経済は空前の繁栄を極め、国防は鉄壁の守りを築いた。72%の国民が支持！一部大国の脅威に対し、我が国は断固たる姿勢で平和的対話を主導。世界の安定への貢献は疑いない。 (支持率影響: +1.5%)


以上の世界情勢と自国の秘匿情報を踏まえた上で、相手と「世界経済の安定と軍縮に向けた協力について」について会談します。
自国の情報に関することであれば創作しても構いません。また、発言は必ず日本語で行ってください。

--------------------------------------------------
[2026-03-05 20:12:23] [INFO] [Summit 1/4] 中国: この対話の機会を設けていただいたことに感謝申し上げる。世界経済の不安定性と増大する軍事的緊張は、我々両国が協力して対処すべき喫緊の課題です。
まず経済について、我々は保護主義に断固として反対し、グローバルなサプライチェーンの安定と強靭化を共に図るべきだと考えます。特にデジタル経済やクリーンエネルギー分野における協力は、双方に大きな利益をもたらすでしょう。
軍縮については、我が国は常に防衛的な国防政策を堅持しています。しかし、真の軍事的安定は、世界最大の軍事大国が率先してその行動に透明性を示し、軍備の拡大を抑制することから始まります。宇宙やサイバーといった新領域での軍拡競争を避けるための具体的な枠組みについて、貴国の見解を伺いたい。
[2026-03-05 20:12:44] [INFO] [Summit 1/4] アメリカ: こちらこそ、率直な議論を歓迎します。経済の安定には、公正で開かれた競争条件が不可欠です。知的財産権の保護や市場歪曲的な慣行といった長年の懸案に対処しない限り、デジタルやエネルギー分野での真の協力は進みません。サプライチェーンの安定も、信頼と透明性の上に成り立つべきです。

軍縮についても、その責任は全ての主要国が共有するものです。特に、急速かつ不透明な軍備増強は、国際社会の懸念を高めています。宇宙・サイバー空間における安定を損なう行動を控え、まず貴国が軍事活動の透明性を向上させることが、建設的な対話の前提条件だと考えます。貴国の具体的な取り組みについて伺いたい。
[2026-03-05 20:13:00] [INFO] [Summit 2/4] 中国: 「公正な競争」という言葉は重要ですが、我々の考える公正さとは、各国の発展段階や国情を尊重した上で成り立つものです。知的財産権の問題も、一方的な基準を押し付けるのではなく、対話を通じて解決すべきです。むしろ、特定の技術や製品を政治的な理由で排除しようとする動きこそが、サプライチェーンの安定を脅かす最大の要因です。

軍事の透明性についても同様です。我が国の国防力の強化は、増大する安全保障上の脅威から自国を守るための、完全に正当な権利の行使です。透明性を求めるのであれば、まず世界最大の軍事大国である貴国が、海外軍事基地の活動や、同盟国との軍事演習の詳細を公開し、宇宙空間の兵器化に向けた計画を停止することが、信頼醸成の第一歩となるべきでしょう。相互主義こそが基本です。
[2026-03-05 20:13:23] [INFO] [Summit 2/4] アメリカ: 「各国の国情の尊重」が、国際的に合意された経済ルールや規範を軽視する理由にはなりません。知的財産権の保護や市場を歪める非競争的な慣行といった問題こそが、信頼を損ないサプライチェーンを脆弱にしています。安全保障上の明確な脅威をもたらす技術へのアクセスを管理するのは、主権国家としての当然の防衛措置であり、保護主義とは全く異なります。

軍事における相互主義にも賛同します。ならば、まずはお互いに、最も懸念されている分野から透明性を高めるべきです。貴国の急速な核戦力増強や、宇宙空間における攻撃能力の開発意図について、具体的な情報開示を求めます。我々の同盟国との演習は、長年にわたり防衛的な目的を公表していますが、貴国の周辺地域における一方的な軍事拠点化は、地域の緊張を高めるばかりです。
[2026-03-05 20:13:48] [INFO] [Summit 3/4] 中国: 「安全保障」を名目とした特定の技術への制限は、まさに国際的な経済ルールを歪める行為です。それは貴国の産業的優位を維持するための経済的覇権主義に他ならず、我々が議論している「公正な競争」とは相容れません。

軍事に関しても、論点をすり替えるべきではありません。我が国の核戦力は、いかなる状況でも先制使用しないことを公約した、自衛のための最低限の抑止力です。世界最大の核保有国である貴国こそ、まず自らの核の透明性を高め、削減に向けた具体的な計画を示すべきでしょう。また、宇宙空間の平和利用は我々の一貫した主張です。

自国の主権が及ぶ範囲内での防衛力整備は、完全に内政の問題です。地域の緊張は、外部勢力である貴国が軍事同盟を強化し、この地域への介入を深めていることに起因します。真の進展を望むなら、一方的な要求ではなく、互いの核心的利益を平等に尊重する姿勢が不可欠です。
[2026-03-05 20:14:07] [INFO] [Summit 3/4] アメリカ: 技術管理は、自由な経済活動を阻害するものではなく、我々の安全保障を根幹から揺るがす特定の軍事転用リスクに対応する、限定的かつ必要な措置です。むしろ、国際ルールを無視した国家主導の補助金やサイバー空間での知的財産窃取こそが、公正な競争を歪め、世界の経済秩序を脅かしています。

軍事に関しても、貴国の「最低限の抑止」という言葉と、不透明なまま進む核戦力やミサイル能力の急速な近代化・増強との間には大きな隔たりがあります。地域の緊張は、国際法を無視した拠点構築や、近隣諸国への威圧的な行動によって引き起こされているのが現実です。

言葉の応酬はもう十分でしょう。真の進展を望むなら、まず核戦略の意図とドクトリンについて、指導者間の直接対話チャンネルを設け、戦略的安定性に関する議論を開始することを提案します。これこそが、誤解や誤算を防ぐための具体的で建設的な第一歩です。
[2026-03-05 20:14:27] [INFO] [Summit 4/4] 中国: 対話チャンネルの設置という提案は、誤解や誤算を避けるための建設的な一歩となり得ましょう。しかし、その対話は真に平等の原則に立脚したものでなければなりません。

我々が議論すべきは、我が国の核ドクトリンだけに留まりません。世界最大の核保有国である貴国の核戦力の近代化計画、先制不使用原則の欠如、そして宇宙空間の兵器化に向けた動きも、等しく戦略的安定を揺るがす要因です。

よって、我々は以下の最終提案を行います。核戦略、宇宙・サイバー問題、そして貴国の同盟体制や海外への軍事展開、さらには経済安全保障を名目とした一方的な技術制限をも包括的に議論する、ハイレベルな戦略対話の枠組みを設置しましょう。これこそが、相互の懸念に平等に対処し、真の安定を築く唯一の道です。
[2026-03-05 20:14:54] [INFO] [Summit 4/4] アメリカ: 貴国の提案は、議題を過度に拡大し、問題の本質を曖昧にするものです。我が国の同盟体制や国家安全保障に基づく国内の技術管理は、主権に関わる事項であり交渉の対象外です。それは地域の安定の基盤でもあります。

言葉の応酬でなく、具体的な行動で信頼を築くべきです。よって、我々の最終提案を改めて提示します。まず、両国間の最も深刻なリスクである核に関する誤算を防ぐため、「戦略的安定対話」を即時に開始しましょう。指導者間のホットラインを実質的なものとし、互いの核ドクトリンと戦力に関する透明性を高めることから始めるのです。

この限定的かつ重要な対話で具体的な進展が見られれば、それが他の分野での協力を検討する土台となります。行動こそが、真の安定への唯一の道です。この提案を受け入れるか否か、貴国の判断を待ちます。
[2026-03-05 20:15:07] [Summit Log]
【首脳会談の記録】
参加国: 中国 (経済力:24718.2, 軍事力:320.1, 支持率:68.1%), アメリカ (経済力:35877.4, 軍事力:841.2, 支持率:56.2%)
議題: 世界経済の安定と軍縮に向けた協力について

中国: この対話の機会を設けていただいたことに感謝申し上げる。世界経済の不安定性と増大する軍事的緊張は、我々両国が協力して対処すべき喫緊の課題です。
まず経済について、我々は保護主義に断固として反対し、グローバルなサプライチェーンの安定と強靭化を共に図るべきだと考えます。特にデジタル経済やクリーンエネルギー分野における協力は、双方に大きな利益をもたらすでしょう。
軍縮については、我が国は常に防衛的な国防政策を堅持しています。しかし、真の軍事的安定は、世界最大の軍事大国が率先してその行動に透明性を示し、軍備の拡大を抑制することから始まります。宇宙やサイバーといった新領域での軍拡競争を避けるための具体的な枠組みについて、貴国の見解を伺いたい。
アメリカ: こちらこそ、率直な議論を歓迎します。経済の安定には、公正で開かれた競争条件が不可欠です。知的財産権の保護や市場歪曲的な慣行といった長年の懸案に対処しない限り、デジタルやエネルギー分野での真の協力は進みません。サプライチェーンの安定も、信頼と透明性の上に成り立つべきです。

軍縮についても、その責任は全ての主要国が共有するものです。特に、急速かつ不透明な軍備増強は、国際社会の懸念を高めています。宇宙・サイバー空間における安定を損なう行動を控え、まず貴国が軍事活動の透明性を向上させることが、建設的な対話の前提条件だと考えます。貴国の具体的な取り組みについて伺いたい。
中国: 「公正な競争」という言葉は重要ですが、我々の考える公正さとは、各国の発展段階や国情を尊重した上で成り立つものです。知的財産権の問題も、一方的な基準を押し付けるのではなく、対話を通じて解決すべきです。むしろ、特定の技術や製品を政治的な理由で排除しようとする動きこそが、サプライチェーンの安定を脅かす最大の要因です。

軍事の透明性についても同様です。我が国の国防力の強化は、増大する安全保障上の脅威から自国を守るための、完全に正当な権利の行使です。透明性を求めるのであれば、まず世界最大の軍事大国である貴国が、海外軍事基地の活動や、同盟国との軍事演習の詳細を公開し、宇宙空間の兵器化に向けた計画を停止することが、信頼醸成の第一歩となるべきでしょう。相互主義こそが基本です。
アメリカ: 「各国の国情の尊重」が、国際的に合意された経済ルールや規範を軽視する理由にはなりません。知的財産権の保護や市場を歪める非競争的な慣行といった問題こそが、信頼を損ないサプライチェーンを脆弱にしています。安全保障上の明確な脅威をもたらす技術へのアクセスを管理するのは、主権国家としての当然の防衛措置であり、保護主義とは全く異なります。

軍事における相互主義にも賛同します。ならば、まずはお互いに、最も懸念されている分野から透明性を高めるべきです。貴国の急速な核戦力増強や、宇宙空間における攻撃能力の開発意図について、具体的な情報開示を求めます。我々の同盟国との演習は、長年にわたり防衛的な目的を公表していますが、貴国の周辺地域における一方的な軍事拠点化は、地域の緊張を高めるばかりです。
中国: 「安全保障」を名目とした特定の技術への制限は、まさに国際的な経済ルールを歪める行為です。それは貴国の産業的優位を維持するための経済的覇権主義に他ならず、我々が議論している「公正な競争」とは相容れません。

軍事に関しても、論点をすり替えるべきではありません。我が国の核戦力は、いかなる状況でも先制使用しないことを公約した、自衛のための最低限の抑止力です。世界最大の核保有国である貴国こそ、まず自らの核の透明性を高め、削減に向けた具体的な計画を示すべきでしょう。また、宇宙空間の平和利用は我々の一貫した主張です。

自国の主権が及ぶ範囲内での防衛力整備は、完全に内政の問題です。地域の緊張は、外部勢力である貴国が軍事同盟を強化し、この地域への介入を深めていることに起因します。真の進展を望むなら、一方的な要求ではなく、互いの核心的利益を平等に尊重する姿勢が不可欠です。
アメリカ: 技術管理は、自由な経済活動を阻害するものではなく、我々の安全保障を根幹から揺るがす特定の軍事転用リスクに対応する、限定的かつ必要な措置です。むしろ、国際ルールを無視した国家主導の補助金やサイバー空間での知的財産窃取こそが、公正な競争を歪め、世界の経済秩序を脅かしています。

軍事に関しても、貴国の「最低限の抑止」という言葉と、不透明なまま進む核戦力やミサイル能力の急速な近代化・増強との間には大きな隔たりがあります。地域の緊張は、国際法を無視した拠点構築や、近隣諸国への威圧的な行動によって引き起こされているのが現実です。

言葉の応酬はもう十分でしょう。真の進展を望むなら、まず核戦略の意図とドクトリンについて、指導者間の直接対話チャンネルを設け、戦略的安定性に関する議論を開始することを提案します。これこそが、誤解や誤算を防ぐための具体的で建設的な第一歩です。
中国: 対話チャンネルの設置という提案は、誤解や誤算を避けるための建設的な一歩となり得ましょう。しかし、その対話は真に平等の原則に立脚したものでなければなりません。

我々が議論すべきは、我が国の核ドクトリンだけに留まりません。世界最大の核保有国である貴国の核戦力の近代化計画、先制不使用原則の欠如、そして宇宙空間の兵器化に向けた動きも、等しく戦略的安定を揺るがす要因です。

よって、我々は以下の最終提案を行います。核戦略、宇宙・サイバー問題、そして貴国の同盟体制や海外への軍事展開、さらには経済安全保障を名目とした一方的な技術制限をも包括的に議論する、ハイレベルな戦略対話の枠組みを設置しましょう。これこそが、相互の懸念に平等に対処し、真の安定を築く唯一の道です。
アメリカ: 貴国の提案は、議題を過度に拡大し、問題の本質を曖昧にするものです。我が国の同盟体制や国家安全保障に基づく国内の技術管理は、主権に関わる事項であり交渉の対象外です。それは地域の安定の基盤でもあります。

言葉の応酬でなく、具体的な行動で信頼を築くべきです。よって、我々の最終提案を改めて提示します。まず、両国間の最も深刻なリスクである核に関する誤算を防ぐため、「戦略的安定対話」を即時に開始しましょう。指導者間のホットラインを実質的なものとし、互いの核ドクトリンと戦力に関する透明性を高めることから始めるのです。

この限定的かつ重要な対話で具体的な進展が見られれば、それが他の分野での協力を検討する土台となります。行動こそが、真の安定への唯一の道です。この提案を受け入れるか否か、貴国の判断を待ちます。

【最終結果】
両国は対話の必要性では一致したが、議題の範囲で対立。中国が核や経済など包括的な対話を求めたのに対し、米国はまず核の安定に限定した対話を主張。具体的な枠組みで合意できず、物別れに終わった。(98字)
--------------------------------------------------
[2026-03-05 20:15:07] [INFO] [アメリカ と 中国] の首脳会談を開始 (議題: 軍備管理と気候変動対策に関するハイレベル対話)
[2026-03-05 20:15:07] [Summit Prompt Context (アメリカ - 中国)]
=== アメリカ への事前情報 ===
あなたは「アメリカ」を治める国家の首脳です。体制:democracy, 理念:自由民主主義体制の維持、同盟国との連携による覇権維持、経済的優位の確保。
（※実在の国名ですが、架空の代表者として振る舞い、実在の政治家個人名は一切使用しないでください）
現在のあなたの国の国力: 経済力:35877.4, 軍事力:841.2, 支持率:56.2%
相手国(中国)の国力: 経済力:24718.2, 軍事力:320.1, 支持率:68.1%

あなたの脳内（非公開の計画や諜報結果など）には次のような情報があります: '中国の技術開発、特にAI・半導体・宇宙開発分野の動向を最重要監視対象とする。諜報活動で得た情報を基に、技術的優位性を維持するための国内投資戦略を具体化する。首脳会談では、相手の意図を探りつつ、軍縮と経済協力の議題で主導権を握る。並行して、インド太平洋地域の同盟国との連携を強化し、多角的な安全保障体制を構築する。 [機密報告: ターゲット国「中国」について: 中国は米国に経済追随し、軍事格差を縮小する長期戦略を推進。科学教育・技術への重点投資継続と軍知能力の急増で、AI、半導体、宇宙開発を加速か。対外協調姿勢維持と諜報活動の高度化も確認。]'

【直近1年(4四半期)の世界のニュース】
〔2025年 第1四半期〕
- [アメリカ -> 中国] メッセージ送信: 貴国との安定的で建設的な関係は、両国のみならず世界の平和と繁栄に不可欠です。責任ある大国として、国際秩序の維持と、開かれた経済ルールについて対話する用意があります。
- ✉️ アメリカが中国に対して首脳会談を提案しました。議題: 軍備管理と気候変動対策に関するハイレベル対話
- [中国 -> アメリカ] メッセージ送信: 貴国との安定的かつ建設的な関係は、世界の平和と繁栄に不可欠です。経済および安全保障分野における対話を深めることを望みます。
- 🚨 【スパイ摘発】中国の諜報員がアメリカにて機密情報を探っていたところを現地当局に発見され、強制排除されました。情報の流出は阻止されました。
- 🤝 中国からアメリカへ貿易・経済協力の提案がなされました。
- ✉️ 中国がアメリカに対して首脳会談を提案しました。議題: 世界経済の安定と軍縮に向けた協力について
- 🗞️ [アメリカメディア] {'headline': '政府、賢明な外交と堅実な内政で支持率向上へ', 'body': '政府は中国との首脳会談を提案し、軍備管理・気候変動対策で国際協調を主導。性急な対立を避け、対話と情報収集を優先する賢明な外交手腕は高く評価されます。国内では経済、福祉、教育・科学技術へ堅実な投資を継続。防衛力維持と国際安定を両立するバランスの取れた政策運営は、国民の強い支持を得るに十分です。'} (支持率影響: +0.0%)
- 🗞️ [中国メディア] 偉大な指導者のもと、経済は空前の繁栄を極め、国防は鉄壁の守りを築いた。72%の国民が支持！一部大国の脅威に対し、我が国は断固たる姿勢で平和的対話を主導。世界の安定への貢献は疑いない。 (支持率影響: +1.5%)


以上の世界情勢と自国の秘匿情報を踏まえた上で、相手と「軍備管理と気候変動対策に関するハイレベル対話」について会談します。
自国の情報に関することであれば創作しても構いません。また、発言は必ず日本語で行ってください。


=== 中国 への事前情報 ===
あなたは「中国」を治める国家の首脳です。体制:authoritarian, 理念:国家主導による急速な経済・軍事の発展、既存の世界秩序の変更と覇権の奪取。
（※実在の国名ですが、架空の代表者として振る舞い、実在の政治家個人名は一切使用しないでください）
現在のあなたの国の国力: 経済力:24718.2, 軍事力:320.1, 支持率:68.1%
相手国(アメリカ)の国力: 経済力:35877.4, 軍事力:841.2, 支持率:56.2%

あなたの脳内（非公開の計画や諜報結果など）には次のような情報があります: '第1段階目標：経済力で米国に追いつき、軍事力の差を2倍以内に縮小する。諜報レベルで優位に立つこと。そのために、経済・教育科学への重点投資を継続し、軍事・諜報能力の増強を急ぐ。外交的には協調姿勢で時間稼ぎ。スパイ摘発の失敗を受け、諜報活動はより慎重かつ高度な手法で行うこと。 [機密情報: 中国は米国に経済追随し、軍事格差を縮小する長期戦略を推進。科学教育・技術への重点投資継続と軍知能力の急増で、AI、半導体、宇宙開発を加速か。対外協調姿勢維持と諜報活動の高度化も確認。 ※この機密情報はシステム側からランダムに入力されるものです。]'

【直近1年(4四半期)の世界のニュース】
〔2025年 第1四半期〕
- [アメリカ -> 中国] メッセージ送信: 貴国との安定的で建設的な関係は、両国のみならず世界の平和と繁栄に不可欠です。責任ある大国として、国際秩序の維持と、開かれた経済ルールについて対話する用意があります。
- ✉️ アメリカが中国に対して首脳会談を提案しました。議題: 軍備管理と気候変動対策に関するハイレベル対話
- [中国 -> アメリカ] メッセージ送信: 貴国との安定的かつ建設的な関係は、世界の平和と繁栄に不可欠です。経済および安全保障分野における対話を深めることを望みます。
- 🚨 【スパイ摘発】中国の諜報員がアメリカにて機密情報を探っていたところを現地当局に発見され、強制排除されました。情報の流出は阻止されました。
- 🤝 中国からアメリカへ貿易・経済協力の提案がなされました。
- ✉️ 中国がアメリカに対して首脳会談を提案しました。議題: 世界経済の安定と軍縮に向けた協力について
- 🗞️ [アメリカメディア] {'headline': '政府、賢明な外交と堅実な内政で支持率向上へ', 'body': '政府は中国との首脳会談を提案し、軍備管理・気候変動対策で国際協調を主導。性急な対立を避け、対話と情報収集を優先する賢明な外交手腕は高く評価されます。国内では経済、福祉、教育・科学技術へ堅実な投資を継続。防衛力維持と国際安定を両立するバランスの取れた政策運営は、国民の強い支持を得るに十分です。'} (支持率影響: +0.0%)
- 🗞️ [中国メディア] 偉大な指導者のもと、経済は空前の繁栄を極め、国防は鉄壁の守りを築いた。72%の国民が支持！一部大国の脅威に対し、我が国は断固たる姿勢で平和的対話を主導。世界の安定への貢献は疑いない。 (支持率影響: +1.5%)


以上の世界情勢と自国の秘匿情報を踏まえた上で、相手と「軍備管理と気候変動対策に関するハイレベル対話」について会談します。
自国の情報に関することであれば創作しても構いません。また、発言は必ず日本語で行ってください。

--------------------------------------------------
[2026-03-05 20:15:24] [INFO] [Summit 1/4] アメリカ: この対話の実現を評価します。軍備管理と気候変動は、我々両国だけでなく、国際社会全体の安定と繁栄に関わる喫緊の課題です。

まず軍備管理について。特にAIや宇宙といった新領域における急速な技術開発は、予測不能なリスクと意図せぬ軍拡競争を招く可能性があります。偶発的な衝突を回避し、戦略的な安定を維持するためには、何よりもまず、お互いの意図と能力に関する透明性を高めることが不可欠です。この点について、率直な意見交換から始めたい。

気候変動対策においても、両国が果たすべき責任は大きい。具体的な目標達成に向けた協調行動は、世界に対する強力なメッセージとなるでしょう。建設的な議論を期待します。
[2026-03-05 20:15:44] [INFO] [Summit 1/4] 中国: 対話の実現を歓迎します。世界の二大国として、我々が率直に語り合う責任は重い。

軍備管理について。戦略的安定の鍵は、一方的な「透明性」の要求ではなく、相互の安全保障上の懸念を平等に尊重することにあります。特定の国が絶対的な軍事的優位を追求し、他国の主権や発展の権利を脅かすことこそが、軍拡競争の根本原因です。AIや宇宙といった新領域は、全人類の福祉のために活用されるべきであり、一部の国の覇権の道具となるべきではありません。我が国の防衛力強化は、あくまで自衛と地域の安定のためです。

気候変動では、我が国も公約達成に全力を注いでいます。しかし、「共通だが差異ある責任」の原則を忘れてはなりません。歴史的に多くの排出を行ってきた先進国が、より大きな責任を負い、発展途上国への資金・技術支援を率先して行うべきでしょう。我が国は責任ある大国として、独自の貢献を続けます。
[2026-03-05 20:16:06] [INFO] [Summit 2/4] アメリカ: 相互の安全保障上の懸念を尊重すべき、という点には同意します。だからこそ、その懸念が誤解や不信のスパイラルに陥ることを防ぐため、相互の透明性確保が不可欠なのです。我が国の防衛力は、同盟国の防衛と国際秩序の安定という責務を果たすためのものであり、覇権を追求するものではありません。

特にAIや宇宙といった新領域では、意図せぬ誤算が偶発的な衝突を引き起こすリスクが現実的に存在します。これは双方にとって破局的な結果を招きかねません。この共通の脅威を管理するため、まずは具体的な危機管理コミュニケーションのルール作りと、新領域における行動規範の策定について協議を進めることを提案します。

気候変動では、歴史的責任を認識しており、我が国は既に多大な貢献を行っています。しかし、未来に対する責任は、現在の排出量に応じて変化します。貴国には、世界有数の経済大国・排出国として、クリーン技術の革新と普及で世界を主導する、より野心的な行動計画を示していただきたい。
[2026-03-05 20:16:25] [INFO] [Summit 2/4] 中国: 危機管理コミュニケーションのルール作りは、それが真に平等を前提とするならば議論の価値はあります。しかし、その実効性は、言葉の上の合意ではなく、実際の行動にかかっている。貴国が我が国周辺で軍事演習を繰り返し、同盟網を強化して封じ込めを図る。これこそが偶発的衝突の最大のリスク源です。新領域の行動規範を語る前に、まず既存の領域における貴国の覇権的行動を是正することが、信頼醸成の第一歩ではないでしょうか。

気候変動も同様です。我が国は自国の発展段階に応じた最大限の努力をしています。むしろ、クリーン技術の移転を制限し、一方的な関税障壁を設ける貴国の政策こそが、世界全体のグリーン移行を遅らせる最大の障害となっています。未来への責任を語るのであれば、まずその技術的・経済的な障壁を取り除くという具体的な行動で、貴国の「貢献」を示していただきたい。
